{"C:\\Users\\a\\Atom-Console-Backend\\src\\app.js":{"path":"C:\\Users\\a\\Atom-Console-Backend\\src\\app.js","statementMap":{"0":{"start":{"line":1,"column":16},"end":{"line":1,"column":34}},"1":{"start":{"line":2,"column":16},"end":{"line":2,"column":42}},"2":{"start":{"line":3,"column":13},"end":{"line":3,"column":28}},"3":{"start":{"line":4,"column":15},"end":{"line":4,"column":32}},"4":{"start":{"line":5,"column":21},"end":{"line":5,"column":45}},"5":{"start":{"line":6,"column":19},"end":{"line":6,"column":41}},"6":{"start":{"line":7,"column":36},"end":{"line":7,"column":65}},"7":{"start":{"line":8,"column":28},"end":{"line":8,"column":64}},"8":{"start":{"line":10,"column":12},"end":{"line":10,"column":21}},"9":{"start":{"line":11,"column":13},"end":{"line":11,"column":48}},"10":{"start":{"line":13,"column":0},"end":{"line":13,"column":36}},"11":{"start":{"line":15,"column":0},"end":{"line":22,"column":2}},"12":{"start":{"line":24,"column":0},"end":{"line":28,"column":2}},"13":{"start":{"line":30,"column":0},"end":{"line":30,"column":23}},"14":{"start":{"line":31,"column":0},"end":{"line":31,"column":24}},"15":{"start":{"line":32,"column":0},"end":{"line":32,"column":27}},"16":{"start":{"line":33,"column":0},"end":{"line":33,"column":52}},"17":{"start":{"line":35,"column":20},"end":{"line":35,"column":48}},"18":{"start":{"line":36,"column":19},"end":{"line":36,"column":46}},"19":{"start":{"line":37,"column":24},"end":{"line":37,"column":56}},"20":{"start":{"line":38,"column":29},"end":{"line":38,"column":67}},"21":{"start":{"line":39,"column":35},"end":{"line":39,"column":80}},"22":{"start":{"line":40,"column":0},"end":{"line":40,"column":35}},"23":{"start":{"line":41,"column":0},"end":{"line":41,"column":50}},"24":{"start":{"line":42,"column":0},"end":{"line":42,"column":60}},"25":{"start":{"line":43,"column":0},"end":{"line":43,"column":63}},"26":{"start":{"line":44,"column":0},"end":{"line":44,"column":65}},"27":{"start":{"line":46,"column":0},"end":{"line":48,"column":3}},"28":{"start":{"line":47,"column":2},"end":{"line":47,"column":41}}},"fnMap":{"0":{"name":"(anonymous_0)","decl":{"start":{"line":46,"column":17},"end":{"line":46,"column":18}},"loc":{"start":{"line":46,"column":29},"end":{"line":48,"column":1}},"line":46}},"branchMap":{"0":{"loc":{"start":{"line":11,"column":13},"end":{"line":11,"column":48}},"type":"binary-expr","locations":[{"start":{"line":11,"column":13},"end":{"line":11,"column":29}},{"start":{"line":11,"column":33},"end":{"line":11,"column":48}}],"line":11}},"s":{"0":1,"1":1,"2":1,"3":1,"4":1,"5":1,"6":1,"7":1,"8":1,"9":1,"10":1,"11":1,"12":1,"13":1,"14":1,"15":1,"16":1,"17":1,"18":1,"19":1,"20":1,"21":1,"22":1,"23":1,"24":1,"25":1,"26":1,"27":1,"28":1},"f":{"0":1},"b":{"0":[1,0]},"_coverageSchema":"1a1c01bbd47fc00a2c39e90264f33305004495a9","hash":"447d4f968c6c7f9beae559a689ba812910a42f2c","contentHash":"640cfb65d1549e1727e5c7a1ae050f2eb96f742b0b5cd8d0c74c97d1cb0113eb"},"C:\\Users\\a\\Atom-Console-Backend\\src\\config\\config.js":{"path":"C:\\Users\\a\\Atom-Console-Backend\\src\\config\\config.js","statementMap":{"0":{"start":{"line":1,"column":0},"end":{"line":1,"column":27}},"1":{"start":{"line":3,"column":0},"end":{"line":20,"column":2}}},"fnMap":{},"branchMap":{},"s":{"0":1,"1":1},"f":{},"b":{},"_coverageSchema":"1a1c01bbd47fc00a2c39e90264f33305004495a9","hash":"216d3c1d1b5e7d94e679bdcfd970a0697028f2e2","contentHash":"9bf5b79a7320659eadd175fc4b17c6d0993c9d3307a227ed611a77fd98afac0d"},"C:\\Users\\a\\Atom-Console-Backend\\src\\helpers\\verification.js":{"path":"C:\\Users\\a\\Atom-Console-Backend\\src\\helpers\\verification.js","statementMap":{"0":{"start":{"line":1,"column":23},"end":{"line":1,"column":58}},"1":{"start":{"line":2,"column":26},"end":{"line":2,"column":64}},"2":{"start":{"line":3,"column":38},"end":{"line":3,"column":68}},"3":{"start":{"line":4,"column":12},"end":{"line":4,"column":35}},"4":{"start":{"line":5,"column":35},"end":{"line":5,"column":60}},"5":{"start":{"line":7,"column":24},"end":{"line":48,"column":1}},"6":{"start":{"line":8,"column":2},"end":{"line":47,"column":3}},"7":{"start":{"line":9,"column":22},"end":{"line":9,"column":69}},"8":{"start":{"line":10,"column":4},"end":{"line":38,"column":5}},"9":{"start":{"line":11,"column":27},"end":{"line":11,"column":76}},"10":{"start":{"line":12,"column":19},"end":{"line":27,"column":8}},"11":{"start":{"line":28,"column":6},"end":{"line":28,"column":26}},"12":{"start":{"line":29,"column":6},"end":{"line":29,"column":13}},"13":{"start":{"line":31,"column":6},"end":{"line":37,"column":8}},"14":{"start":{"line":40,"column":4},"end":{"line":46,"column":6}},"15":{"start":{"line":50,"column":0},"end":{"line":52,"column":2}}},"fnMap":{"0":{"name":"(anonymous_0)","decl":{"start":{"line":7,"column":24},"end":{"line":7,"column":25}},"loc":{"start":{"line":7,"column":59},"end":{"line":48,"column":1}},"line":7}},"branchMap":{"0":{"loc":{"start":{"line":10,"column":4},"end":{"line":38,"column":5}},"type":"if","locations":[{"start":{"line":10,"column":4},"end":{"line":38,"column":5}},{"start":{"line":10,"column":4},"end":{"line":38,"column":5}}],"line":10}},"s":{"0":1,"1":1,"2":1,"3":1,"4":1,"5":1,"6":0,"7":0,"8":0,"9":0,"10":0,"11":0,"12":0,"13":0,"14":0,"15":1},"f":{"0":0},"b":{"0":[0,0]},"_coverageSchema":"1a1c01bbd47fc00a2c39e90264f33305004495a9","hash":"f6134744e3ec04f4114cdbda59848decf959deca","contentHash":"2aa1fdb334f2ff8559fe1190b8514c31fe9153df633ca2a880534e4d3f86aafd"},"C:\\Users\\a\\Atom-Console-Backend\\src\\constants\\header-code.js":{"path":"C:\\Users\\a\\Atom-Console-Backend\\src\\constants\\header-code.js","statementMap":{"0":{"start":{"line":1,"column":0},"end":{"line":9,"column":2}}},"fnMap":{},"branchMap":{},"s":{"0":1},"f":{},"b":{},"_coverageSchema":"1a1c01bbd47fc00a2c39e90264f33305004495a9","hash":"58502ff3726c3337f8f80dd4b65a3ea733f15bb1","contentHash":"c6d03bcf50221072c0f6c8156426ee55fee7d482a7f484c3115ddc622dc3421c"},"C:\\Users\\a\\Atom-Console-Backend\\src\\constants\\header-message.js":{"path":"C:\\Users\\a\\Atom-Console-Backend\\src\\constants\\header-message.js","statementMap":{"0":{"start":{"line":1,"column":0},"end":{"line":8,"column":2}}},"fnMap":{},"branchMap":{},"s":{"0":1},"f":{},"b":{},"_coverageSchema":"1a1c01bbd47fc00a2c39e90264f33305004495a9","hash":"4febde09bb8e975b32a139617090017a2a951e7c","contentHash":"07699653349ac733abe5069d69d96f51a7a36c5d363a1f9b4ff1d948a1110ae8"},"C:\\Users\\a\\Atom-Console-Backend\\src\\controllers\\base.js":{"path":"C:\\Users\\a\\Atom-Console-Backend\\src\\controllers\\base.js","statementMap":{"0":{"start":{"line":1,"column":0},"end":{"line":7,"column":2}},"1":{"start":{"line":2,"column":2},"end":{"line":6,"column":5}}},"fnMap":{"0":{"name":"(anonymous_0)","decl":{"start":{"line":1,"column":22},"end":{"line":1,"column":23}},"loc":{"start":{"line":1,"column":65},"end":{"line":7,"column":1}},"line":1}},"branchMap":{},"s":{"0":1,"1":0},"f":{"0":0},"b":{},"_coverageSchema":"1a1c01bbd47fc00a2c39e90264f33305004495a9","hash":"96588759f9b48e89e36cda716359383e5908db75","contentHash":"f7861ea74e6ed2c9707e271f8966025d0ed218ee339a9fcb5038a76b9e4b95de"},"C:\\Users\\a\\Atom-Console-Backend\\src\\models\\user.js":{"path":"C:\\Users\\a\\Atom-Console-Backend\\src\\models\\user.js","statementMap":{"0":{"start":{"line":1,"column":24},"end":{"line":1,"column":51}},"1":{"start":{"line":3,"column":33},"end":{"line":3,"column":53}},"2":{"start":{"line":4,"column":15},"end":{"line":4,"column":32}},"3":{"start":{"line":5,"column":15},"end":{"line":5,"column":32}},"4":{"start":{"line":7,"column":18},"end":{"line":16,"column":1}},"5":{"start":{"line":18,"column":13},"end":{"line":72,"column":1}},"6":{"start":{"line":59,"column":27},"end":{"line":59,"column":51}},"7":{"start":{"line":60,"column":29},"end":{"line":60,"column":73}},"8":{"start":{"line":61,"column":8},"end":{"line":61,"column":37}},"9":{"start":{"line":64,"column":8},"end":{"line":68,"column":9}},"10":{"start":{"line":65,"column":29},"end":{"line":65,"column":53}},"11":{"start":{"line":66,"column":31},"end":{"line":66,"column":75}},"12":{"start":{"line":67,"column":10},"end":{"line":67,"column":39}},"13":{"start":{"line":74,"column":13},"end":{"line":79,"column":2}},"14":{"start":{"line":81,"column":19},"end":{"line":86,"column":2}},"15":{"start":{"line":88,"column":0},"end":{"line":88,"column":46}},"16":{"start":{"line":90,"column":0},"end":{"line":90,"column":62}},"17":{"start":{"line":91,"column":0},"end":{"line":91,"column":62}},"18":{"start":{"line":93,"column":0},"end":{"line":100,"column":5}},"19":{"start":{"line":96,"column":4},"end":{"line":96,"column":50}},"20":{"start":{"line":99,"column":4},"end":{"line":99,"column":49}},"21":{"start":{"line":102,"column":0},"end":{"line":107,"column":2}}},"fnMap":{"0":{"name":"(anonymous_0)","decl":{"start":{"line":58,"column":20},"end":{"line":58,"column":21}},"loc":{"start":{"line":58,"column":36},"end":{"line":62,"column":7}},"line":58},"1":{"name":"(anonymous_1)","decl":{"start":{"line":63,"column":20},"end":{"line":63,"column":21}},"loc":{"start":{"line":63,"column":36},"end":{"line":69,"column":7}},"line":63},"2":{"name":"(anonymous_2)","decl":{"start":{"line":95,"column":8},"end":{"line":95,"column":9}},"loc":{"start":{"line":95,"column":17},"end":{"line":97,"column":3}},"line":95},"3":{"name":"(anonymous_3)","decl":{"start":{"line":98,"column":9},"end":{"line":98,"column":10}},"loc":{"start":{"line":98,"column":18},"end":{"line":100,"column":3}},"line":98}},"branchMap":{"0":{"loc":{"start":{"line":64,"column":8},"end":{"line":68,"column":9}},"type":"if","locations":[{"start":{"line":64,"column":8},"end":{"line":68,"column":9}},{"start":{"line":64,"column":8},"end":{"line":68,"column":9}}],"line":64}},"s":{"0":1,"1":1,"2":1,"3":1,"4":1,"5":1,"6":0,"7":0,"8":0,"9":0,"10":0,"11":0,"12":0,"13":1,"14":1,"15":1,"16":1,"17":1,"18":1,"19":1,"20":0,"21":1},"f":{"0":0,"1":0,"2":1,"3":0},"b":{"0":[0,0]},"_coverageSchema":"1a1c01bbd47fc00a2c39e90264f33305004495a9","hash":"8b44c9442185537bc1e1bd4f7bbb7e06830363e7","contentHash":"eb5074f4bf0565838347be099f082f50a81eecaa1397ac4767ba0993104767c0"},"C:\\Users\\a\\Atom-Console-Backend\\src\\database\\connection.js":{"path":"C:\\Users\\a\\Atom-Console-Backend\\src\\database\\connection.js","statementMap":{"0":{"start":{"line":2,"column":14},"end":{"line":2,"column":30}},"1":{"start":{"line":4,"column":24},"end":{"line":4,"column":51}},"2":{"start":{"line":6,"column":19},"end":{"line":11,"column":1}},"3":{"start":{"line":13,"column":11},"end":{"line":13,"column":45}},"4":{"start":{"line":15,"column":0},"end":{"line":17,"column":3}},"5":{"start":{"line":16,"column":2},"end":{"line":16,"column":61}},"6":{"start":{"line":19,"column":0},"end":{"line":19,"column":20}}},"fnMap":{"0":{"name":"(anonymous_0)","decl":{"start":{"line":15,"column":11},"end":{"line":15,"column":12}},"loc":{"start":{"line":15,"column":20},"end":{"line":17,"column":1}},"line":15}},"branchMap":{"0":{"loc":{"start":{"line":16,"column":2},"end":{"line":16,"column":60}},"type":"cond-expr","locations":[{"start":{"line":16,"column":8},"end":{"line":16,"column":24}},{"start":{"line":16,"column":27},"end":{"line":16,"column":60}}],"line":16}},"s":{"0":1,"1":1,"2":1,"3":1,"4":1,"5":1,"6":1},"f":{"0":1},"b":{"0":[0,1]},"_coverageSchema":"1a1c01bbd47fc00a2c39e90264f33305004495a9","hash":"a0f038cc15d0d435f18232195ad13b6eb44746dd","contentHash":"38c67a3a7cd3b31ac2979c46199961d57262451ac3a110fd18f2ee6582490527"},"C:\\Users\\a\\Atom-Console-Backend\\src\\routes\\admin.js":{"path":"C:\\Users\\a\\Atom-Console-Backend\\src\\routes\\admin.js","statementMap":{"0":{"start":{"line":1,"column":21},"end":{"line":1,"column":53}},"1":{"start":{"line":2,"column":23},"end":{"line":2,"column":54}},"2":{"start":{"line":6,"column":4},"end":{"line":6,"column":35}},"3":{"start":{"line":7,"column":37},"end":{"line":7,"column":73}},"4":{"start":{"line":8,"column":36},"end":{"line":8,"column":74}},"5":{"start":{"line":9,"column":15},"end":{"line":9,"column":42}},"6":{"start":{"line":11,"column":0},"end":{"line":18,"column":2}},"7":{"start":{"line":20,"column":0},"end":{"line":20,"column":24}}},"fnMap":{},"branchMap":{},"s":{"0":1,"1":1,"2":1,"3":1,"4":1,"5":1,"6":1,"7":1},"f":{},"b":{},"_coverageSchema":"1a1c01bbd47fc00a2c39e90264f33305004495a9","hash":"af9355f11c0084a247d4fe6ad211aad8200a3a4b","contentHash":"9787ba4d5dfcb56130a78ced0055f0d1ab1520f183389a417aa8d2a55c59be00"},"C:\\Users\\a\\Atom-Console-Backend\\src\\constants\\constant.js":{"path":"C:\\Users\\a\\Atom-Console-Backend\\src\\constants\\constant.js","statementMap":{"0":{"start":{"line":1,"column":0},"end":{"line":59,"column":2}}},"fnMap":{},"branchMap":{},"s":{"0":1},"f":{},"b":{},"_coverageSchema":"1a1c01bbd47fc00a2c39e90264f33305004495a9","hash":"3fa7f8a608ebebe534b2e61f6a98b168df565e74","contentHash":"faa59c39f44a91e58823fd4b0887ca9d2f6b531cda0f27d298d59ccffe566f59"},"C:\\Users\\a\\Atom-Console-Backend\\src\\controllers\\admin.js":{"path":"C:\\Users\\a\\Atom-Console-Backend\\src\\controllers\\admin.js","statementMap":{"0":{"start":{"line":1,"column":21},"end":{"line":1,"column":49}},"1":{"start":{"line":2,"column":23},"end":{"line":2,"column":58}},"2":{"start":{"line":3,"column":26},"end":{"line":3,"column":64}},"3":{"start":{"line":4,"column":25},"end":{"line":4,"column":42}},"4":{"start":{"line":5,"column":24},"end":{"line":5,"column":41}},"5":{"start":{"line":7,"column":0},"end":{"line":23,"column":2}},"6":{"start":{"line":9,"column":4},"end":{"line":21,"column":5}},"7":{"start":{"line":10,"column":23},"end":{"line":10,"column":35}},"8":{"start":{"line":11,"column":6},"end":{"line":13,"column":9}},"9":{"start":{"line":12,"column":8},"end":{"line":12,"column":66}},"10":{"start":{"line":15,"column":6},"end":{"line":20,"column":8}}},"fnMap":{"0":{"name":"(anonymous_0)","decl":{"start":{"line":8,"column":14},"end":{"line":8,"column":15}},"loc":{"start":{"line":8,"column":43},"end":{"line":22,"column":3}},"line":8},"1":{"name":"(anonymous_1)","decl":{"start":{"line":11,"column":46},"end":{"line":11,"column":47}},"loc":{"start":{"line":11,"column":79},"end":{"line":13,"column":7}},"line":11}},"branchMap":{},"s":{"0":1,"1":1,"2":1,"3":1,"4":1,"5":1,"6":0,"7":0,"8":0,"9":0,"10":0},"f":{"0":0,"1":0},"b":{},"_coverageSchema":"1a1c01bbd47fc00a2c39e90264f33305004495a9","hash":"4438c520d94d0613723d87f6bbcd51885bcd19ef","contentHash":"fc3818cb286fd2fc7974e3e4cd496616c90e5abafe16ade6907d1a8411ec698e"},"C:\\Users\\a\\Atom-Console-Backend\\src\\services\\login.js":{"path":"C:\\Users\\a\\Atom-Console-Backend\\src\\services\\login.js","statementMap":{"0":{"start":{"line":1,"column":23},"end":{"line":1,"column":54}},"1":{"start":{"line":2,"column":17},"end":{"line":2,"column":42}},"2":{"start":{"line":3,"column":21},"end":{"line":3,"column":41}},"3":{"start":{"line":4,"column":12},"end":{"line":4,"column":35}},"4":{"start":{"line":5,"column":23},"end":{"line":5,"column":58}},"5":{"start":{"line":6,"column":26},"end":{"line":6,"column":64}},"6":{"start":{"line":8,"column":0},"end":{"line":38,"column":2}},"7":{"start":{"line":10,"column":4},"end":{"line":36,"column":5}},"8":{"start":{"line":11,"column":28},"end":{"line":14,"column":7}},"9":{"start":{"line":15,"column":19},"end":{"line":15,"column":66}},"10":{"start":{"line":16,"column":6},"end":{"line":29,"column":7}},"11":{"start":{"line":17,"column":24},"end":{"line":17,"column":43}},"12":{"start":{"line":18,"column":22},"end":{"line":18,"column":73}},"13":{"start":{"line":19,"column":8},"end":{"line":19,"column":27}},"14":{"start":{"line":20,"column":8},"end":{"line":20,"column":26}},"15":{"start":{"line":21,"column":8},"end":{"line":26,"column":10}},"16":{"start":{"line":28,"column":8},"end":{"line":28,"column":71}},"17":{"start":{"line":31,"column":6},"end":{"line":35,"column":8}}},"fnMap":{"0":{"name":"(anonymous_0)","decl":{"start":{"line":9,"column":14},"end":{"line":9,"column":15}},"loc":{"start":{"line":9,"column":40},"end":{"line":37,"column":3}},"line":9}},"branchMap":{"0":{"loc":{"start":{"line":16,"column":6},"end":{"line":29,"column":7}},"type":"if","locations":[{"start":{"line":16,"column":6},"end":{"line":29,"column":7}},{"start":{"line":16,"column":6},"end":{"line":29,"column":7}}],"line":16}},"s":{"0":1,"1":1,"2":1,"3":1,"4":1,"5":1,"6":1,"7":0,"8":0,"9":0,"10":0,"11":0,"12":0,"13":0,"14":0,"15":0,"16":0,"17":0},"f":{"0":0},"b":{"0":[0,0]},"_coverageSchema":"1a1c01bbd47fc00a2c39e90264f33305004495a9","hash":"b2e69a6dfcc82d68c35a99c68ceb8ee328d78b05","contentHash":"7486753aefd478984106135a598fda4cb792661e7476451c665e8b50af0a5931"},"C:\\Users\\a\\Atom-Console-Backend\\src\\repositories\\crud.js":{"path":"C:\\Users\\a\\Atom-Console-Backend\\src\\repositories\\crud.js","statementMap":{"0":{"start":{"line":3,"column":17},"end":{"line":3,"column":51}},"1":{"start":{"line":4,"column":4},"end":{"line":4,"column":16}},"2":{"start":{"line":8,"column":17},"end":{"line":8,"column":51}},"3":{"start":{"line":9,"column":4},"end":{"line":9,"column":16}},"4":{"start":{"line":13,"column":17},"end":{"line":13,"column":50}},"5":{"start":{"line":14,"column":4},"end":{"line":14,"column":16}},"6":{"start":{"line":18,"column":17},"end":{"line":18,"column":51}},"7":{"start":{"line":19,"column":4},"end":{"line":19,"column":16}},"8":{"start":{"line":23,"column":17},"end":{"line":23,"column":51}},"9":{"start":{"line":24,"column":4},"end":{"line":24,"column":16}},"10":{"start":{"line":28,"column":25},"end":{"line":28,"column":51}},"11":{"start":{"line":29,"column":4},"end":{"line":29,"column":24}},"12":{"start":{"line":33,"column":32},"end":{"line":33,"column":72}},"13":{"start":{"line":34,"column":4},"end":{"line":34,"column":31}},"14":{"start":{"line":38,"column":0},"end":{"line":38,"column":32}}},"fnMap":{"0":{"name":"(anonymous_0)","decl":{"start":{"line":2,"column":2},"end":{"line":2,"column":3}},"loc":{"start":{"line":2,"column":38},"end":{"line":5,"column":3}},"line":2},"1":{"name":"(anonymous_1)","decl":{"start":{"line":7,"column":2},"end":{"line":7,"column":3}},"loc":{"start":{"line":7,"column":38},"end":{"line":10,"column":3}},"line":7},"2":{"name":"(anonymous_2)","decl":{"start":{"line":12,"column":2},"end":{"line":12,"column":3}},"loc":{"start":{"line":12,"column":37},"end":{"line":15,"column":3}},"line":12},"3":{"name":"(anonymous_3)","decl":{"start":{"line":17,"column":2},"end":{"line":17,"column":3}},"loc":{"start":{"line":17,"column":38},"end":{"line":20,"column":3}},"line":17},"4":{"name":"(anonymous_4)","decl":{"start":{"line":22,"column":2},"end":{"line":22,"column":3}},"loc":{"start":{"line":22,"column":38},"end":{"line":25,"column":3}},"line":22},"5":{"name":"(anonymous_5)","decl":{"start":{"line":27,"column":2},"end":{"line":27,"column":3}},"loc":{"start":{"line":27,"column":30},"end":{"line":30,"column":3}},"line":27},"6":{"name":"(anonymous_6)","decl":{"start":{"line":32,"column":2},"end":{"line":32,"column":3}},"loc":{"start":{"line":32,"column":44},"end":{"line":35,"column":3}},"line":32}},"branchMap":{},"s":{"0":0,"1":0,"2":0,"3":0,"4":0,"5":0,"6":0,"7":0,"8":0,"9":0,"10":0,"11":0,"12":0,"13":0,"14":1},"f":{"0":0,"1":0,"2":0,"3":0,"4":0,"5":0,"6":0},"b":{},"_coverageSchema":"1a1c01bbd47fc00a2c39e90264f33305004495a9","hash":"251037380295288ccde94a96effa18a59b907c1b","contentHash":"0653ce50b33986e30d3354c89b33605361aade0afad98aed4db7a5a2b883a5e5"},"C:\\Users\\a\\Atom-Console-Backend\\src\\helpers\\validator.js":{"path":"C:\\Users\\a\\Atom-Console-Backend\\src\\helpers\\validator.js","statementMap":{"0":{"start":{"line":1,"column":35},"end":{"line":1,"column":63}},"1":{"start":{"line":3,"column":34},"end":{"line":7,"column":1}},"2":{"start":{"line":9,"column":37},"end":{"line":17,"column":1}},"3":{"start":{"line":10,"column":17},"end":{"line":10,"column":42}},"4":{"start":{"line":11,"column":2},"end":{"line":16,"column":13}},"5":{"start":{"line":19,"column":0},"end":{"line":22,"column":2}}},"fnMap":{"0":{"name":"(anonymous_0)","decl":{"start":{"line":9,"column":37},"end":{"line":9,"column":38}},"loc":{"start":{"line":9,"column":72},"end":{"line":17,"column":1}},"line":9}},"branchMap":{"0":{"loc":{"start":{"line":11,"column":2},"end":{"line":16,"column":12}},"type":"cond-expr","locations":[{"start":{"line":12,"column":6},"end":{"line":15,"column":8}},{"start":{"line":16,"column":6},"end":{"line":16,"column":12}}],"line":11}},"s":{"0":1,"1":1,"2":1,"3":0,"4":0,"5":1},"f":{"0":0},"b":{"0":[0,0]},"_coverageSchema":"1a1c01bbd47fc00a2c39e90264f33305004495a9","hash":"7c7b2f8e51c6492ca462fcb1e8a7b6488d4382a3","contentHash":"d86caed9f809ef1e923d57d22fd8f29e3b092b81d116d262f8fba1c90310d11e"},"C:\\Users\\a\\Atom-Console-Backend\\src\\helpers\\authentication.js":{"path":"C:\\Users\\a\\Atom-Console-Backend\\src\\helpers\\authentication.js","statementMap":{"0":{"start":{"line":1,"column":15},"end":{"line":1,"column":32}},"1":{"start":{"line":2,"column":17},"end":{"line":2,"column":42}},"2":{"start":{"line":4,"column":33},"end":{"line":32,"column":1}},"3":{"start":{"line":5,"column":2},"end":{"line":31,"column":3}},"4":{"start":{"line":6,"column":4},"end":{"line":28,"column":6}},"5":{"start":{"line":8,"column":8},"end":{"line":26,"column":17}},"6":{"start":{"line":10,"column":32},"end":{"line":13,"column":15}},"7":{"start":{"line":14,"column":14},"end":{"line":19,"column":25}},"8":{"start":{"line":22,"column":14},"end":{"line":25,"column":17}},"9":{"start":{"line":30,"column":4},"end":{"line":30,"column":11}},"10":{"start":{"line":34,"column":0},"end":{"line":36,"column":2}}},"fnMap":{"0":{"name":"(anonymous_0)","decl":{"start":{"line":4,"column":33},"end":{"line":4,"column":34}},"loc":{"start":{"line":4,"column":68},"end":{"line":32,"column":1}},"line":4},"1":{"name":"(anonymous_1)","decl":{"start":{"line":7,"column":6},"end":{"line":7,"column":7}},"loc":{"start":{"line":7,"column":16},"end":{"line":27,"column":7}},"line":7},"2":{"name":"(anonymous_2)","decl":{"start":{"line":9,"column":13},"end":{"line":9,"column":14}},"loc":{"start":{"line":9,"column":25},"end":{"line":20,"column":13}},"line":9},"3":{"name":"(anonymous_3)","decl":{"start":{"line":21,"column":13},"end":{"line":21,"column":14}},"loc":{"start":{"line":21,"column":25},"end":{"line":26,"column":13}},"line":21}},"branchMap":{"0":{"loc":{"start":{"line":8,"column":8},"end":{"line":26,"column":16}},"type":"cond-expr","locations":[{"start":{"line":9,"column":12},"end":{"line":20,"column":16}},{"start":{"line":21,"column":12},"end":{"line":26,"column":16}}],"line":8},"1":{"loc":{"start":{"line":14,"column":14},"end":{"line":19,"column":24}},"type":"cond-expr","locations":[{"start":{"line":15,"column":18},"end":{"line":18,"column":20}},{"start":{"line":19,"column":18},"end":{"line":19,"column":24}}],"line":14}},"s":{"0":1,"1":1,"2":1,"3":0,"4":0,"5":0,"6":0,"7":0,"8":0,"9":0,"10":1},"f":{"0":0,"1":0,"2":0,"3":0},"b":{"0":[0,0],"1":[0,0]},"_coverageSchema":"1a1c01bbd47fc00a2c39e90264f33305004495a9","hash":"5a62b4036344d57122d0b9af22dfaefde8f31b33","contentHash":"848ac627e01ff53df96ea3454238c31acad153c8069b8ffd60f4ae90d64fe528"},"C:\\Users\\a\\Atom-Console-Backend\\src\\helpers\\subscriptionType.js":{"path":"C:\\Users\\a\\Atom-Console-Backend\\src\\helpers\\subscriptionType.js","statementMap":{"0":{"start":{"line":1,"column":17},"end":{"line":1,"column":42}},"1":{"start":{"line":2,"column":23},"end":{"line":2,"column":54}},"2":{"start":{"line":3,"column":31},"end":{"line":3,"column":73}},"3":{"start":{"line":4,"column":21},"end":{"line":4,"column":41}},"4":{"start":{"line":6,"column":32},"end":{"line":19,"column":1}},"5":{"start":{"line":7,"column":24},"end":{"line":7,"column":64}},"6":{"start":{"line":8,"column":18},"end":{"line":8,"column":65}},"7":{"start":{"line":9,"column":27},"end":{"line":11,"column":4}},"8":{"start":{"line":12,"column":2},"end":{"line":17,"column":5}},"9":{"start":{"line":13,"column":4},"end":{"line":16,"column":5}},"10":{"start":{"line":14,"column":27},"end":{"line":14,"column":67}},"11":{"start":{"line":15,"column":6},"end":{"line":15,"column":55}},"12":{"start":{"line":18,"column":2},"end":{"line":18,"column":16}},"13":{"start":{"line":21,"column":0},"end":{"line":23,"column":2}}},"fnMap":{"0":{"name":"(anonymous_0)","decl":{"start":{"line":6,"column":32},"end":{"line":6,"column":33}},"loc":{"start":{"line":6,"column":67},"end":{"line":19,"column":1}},"line":6},"1":{"name":"(anonymous_1)","decl":{"start":{"line":12,"column":32},"end":{"line":12,"column":33}},"loc":{"start":{"line":12,"column":48},"end":{"line":17,"column":3}},"line":12}},"branchMap":{"0":{"loc":{"start":{"line":13,"column":4},"end":{"line":16,"column":5}},"type":"if","locations":[{"start":{"line":13,"column":4},"end":{"line":16,"column":5}},{"start":{"line":13,"column":4},"end":{"line":16,"column":5}}],"line":13}},"s":{"0":1,"1":1,"2":1,"3":1,"4":1,"5":0,"6":0,"7":0,"8":0,"9":0,"10":0,"11":0,"12":0,"13":1},"f":{"0":0,"1":0},"b":{"0":[0,0]},"_coverageSchema":"1a1c01bbd47fc00a2c39e90264f33305004495a9","hash":"319dd94e319393a5594d2770b5099c38516a4a26","contentHash":"19e8efbff3d13b9a7fc793e2f53c38159a80f2280c51c5d3523efe05f92cfca7"},"C:\\Users\\a\\Atom-Console-Backend\\src\\repositories\\partner-billing.js":{"path":"C:\\Users\\a\\Atom-Console-Backend\\src\\repositories\\partner-billing.js","statementMap":{"0":{"start":{"line":1,"column":27},"end":{"line":1,"column":43}},"1":{"start":{"line":5,"column":21},"end":{"line":8,"column":5}},"2":{"start":{"line":9,"column":4},"end":{"line":9,"column":16}},"3":{"start":{"line":13,"column":31},"end":{"line":13,"column":61}},"4":{"start":{"line":14,"column":0},"end":{"line":14,"column":40}}},"fnMap":{"0":{"name":"(anonymous_0)","decl":{"start":{"line":4,"column":2},"end":{"line":4,"column":3}},"loc":{"start":{"line":4,"column":33},"end":{"line":10,"column":3}},"line":4}},"branchMap":{},"s":{"0":1,"1":0,"2":0,"3":1,"4":1},"f":{"0":0},"b":{},"_coverageSchema":"1a1c01bbd47fc00a2c39e90264f33305004495a9","hash":"21fcab96ac06ac0283f0259c7754054bda7d1b41","contentHash":"f8713aa2e7bd0baeae5a40e55ea388add1078c0a6a3b94d68ab7c563681008cc"},"C:\\Users\\a\\Atom-Console-Backend\\src\\routes\\user.js":{"path":"C:\\Users\\a\\Atom-Console-Backend\\src\\routes\\user.js","statementMap":{"0":{"start":{"line":1,"column":20},"end":{"line":1,"column":52}},"1":{"start":{"line":8,"column":4},"end":{"line":8,"column":34}},"2":{"start":{"line":10,"column":15},"end":{"line":10,"column":42}},"3":{"start":{"line":12,"column":0},"end":{"line":17,"column":39}},"4":{"start":{"line":19,"column":0},"end":{"line":19,"column":24}}},"fnMap":{},"branchMap":{},"s":{"0":1,"1":1,"2":1,"3":1,"4":1},"f":{},"b":{},"_coverageSchema":"1a1c01bbd47fc00a2c39e90264f33305004495a9","hash":"9259000de192cdefcfd14c8a55fb57679365b9be","contentHash":"e713fbf5fa4fed039e0b76204426c6a891dd1519402f4401b8533008c9de1dc9"},"C:\\Users\\a\\Atom-Console-Backend\\src\\controllers\\user.js":{"path":"C:\\Users\\a\\Atom-Console-Backend\\src\\controllers\\user.js","statementMap":{"0":{"start":{"line":1,"column":23},"end":{"line":1,"column":58}},"1":{"start":{"line":2,"column":26},"end":{"line":2,"column":64}},"2":{"start":{"line":3,"column":21},"end":{"line":3,"column":48}},"3":{"start":{"line":4,"column":38},"end":{"line":4,"column":55}},"4":{"start":{"line":6,"column":0},"end":{"line":138,"column":2}},"5":{"start":{"line":8,"column":4},"end":{"line":20,"column":5}},"6":{"start":{"line":9,"column":25},"end":{"line":9,"column":49}},"7":{"start":{"line":10,"column":6},"end":{"line":12,"column":9}},"8":{"start":{"line":11,"column":8},"end":{"line":11,"column":66}},"9":{"start":{"line":14,"column":6},"end":{"line":19,"column":8}},"10":{"start":{"line":24,"column":4},"end":{"line":39,"column":5}},"11":{"start":{"line":25,"column":23},"end":{"line":25,"column":46}},"12":{"start":{"line":26,"column":6},"end":{"line":31,"column":8}},"13":{"start":{"line":29,"column":10},"end":{"line":29,"column":68}},"14":{"start":{"line":33,"column":6},"end":{"line":38,"column":8}},"15":{"start":{"line":43,"column":4},"end":{"line":60,"column":5}},"16":{"start":{"line":44,"column":25},"end":{"line":44,"column":49}},"17":{"start":{"line":45,"column":23},"end":{"line":45,"column":35}},"18":{"start":{"line":46,"column":6},"end":{"line":52,"column":8}},"19":{"start":{"line":50,"column":10},"end":{"line":50,"column":68}},"20":{"start":{"line":54,"column":6},"end":{"line":59,"column":8}},"21":{"start":{"line":64,"column":4},"end":{"line":99,"column":5}},"22":{"start":{"line":65,"column":25},"end":{"line":65,"column":49}},"23":{"start":{"line":66,"column":23},"end":{"line":66,"column":35}},"24":{"start":{"line":67,"column":21},"end":{"line":67,"column":38}},"25":{"start":{"line":68,"column":6},"end":{"line":91,"column":8}},"26":{"start":{"line":73,"column":10},"end":{"line":89,"column":11}},"27":{"start":{"line":74,"column":12},"end":{"line":79,"column":14}},"28":{"start":{"line":81,"column":12},"end":{"line":88,"column":14}},"29":{"start":{"line":93,"column":6},"end":{"line":98,"column":8}},"30":{"start":{"line":103,"column":4},"end":{"line":136,"column":5}},"31":{"start":{"line":104,"column":25},"end":{"line":104,"column":49}},"32":{"start":{"line":105,"column":21},"end":{"line":105,"column":38}},"33":{"start":{"line":106,"column":6},"end":{"line":128,"column":8}},"34":{"start":{"line":110,"column":10},"end":{"line":126,"column":11}},"35":{"start":{"line":111,"column":12},"end":{"line":116,"column":14}},"36":{"start":{"line":118,"column":12},"end":{"line":125,"column":14}},"37":{"start":{"line":130,"column":6},"end":{"line":135,"column":8}}},"fnMap":{"0":{"name":"(anonymous_0)","decl":{"start":{"line":7,"column":12},"end":{"line":7,"column":13}},"loc":{"start":{"line":7,"column":41},"end":{"line":21,"column":3}},"line":7},"1":{"name":"(anonymous_1)","decl":{"start":{"line":10,"column":46},"end":{"line":10,"column":47}},"loc":{"start":{"line":10,"column":79},"end":{"line":12,"column":7}},"line":10},"2":{"name":"(anonymous_2)","decl":{"start":{"line":23,"column":21},"end":{"line":23,"column":22}},"loc":{"start":{"line":23,"column":50},"end":{"line":40,"column":3}},"line":23},"3":{"name":"(anonymous_3)","decl":{"start":{"line":28,"column":8},"end":{"line":28,"column":9}},"loc":{"start":{"line":28,"column":41},"end":{"line":30,"column":9}},"line":28},"4":{"name":"(anonymous_4)","decl":{"start":{"line":42,"column":14},"end":{"line":42,"column":15}},"loc":{"start":{"line":42,"column":43},"end":{"line":61,"column":3}},"line":42},"5":{"name":"(anonymous_5)","decl":{"start":{"line":49,"column":8},"end":{"line":49,"column":9}},"loc":{"start":{"line":49,"column":41},"end":{"line":51,"column":9}},"line":49},"6":{"name":"(anonymous_6)","decl":{"start":{"line":63,"column":14},"end":{"line":63,"column":15}},"loc":{"start":{"line":63,"column":43},"end":{"line":100,"column":3}},"line":63},"7":{"name":"(anonymous_7)","decl":{"start":{"line":72,"column":8},"end":{"line":72,"column":9}},"loc":{"start":{"line":72,"column":41},"end":{"line":90,"column":9}},"line":72},"8":{"name":"(anonymous_8)","decl":{"start":{"line":102,"column":14},"end":{"line":102,"column":15}},"loc":{"start":{"line":102,"column":43},"end":{"line":137,"column":3}},"line":102},"9":{"name":"(anonymous_9)","decl":{"start":{"line":109,"column":8},"end":{"line":109,"column":9}},"loc":{"start":{"line":109,"column":41},"end":{"line":127,"column":9}},"line":109}},"branchMap":{"0":{"loc":{"start":{"line":73,"column":10},"end":{"line":89,"column":11}},"type":"if","locations":[{"start":{"line":73,"column":10},"end":{"line":89,"column":11}},{"start":{"line":73,"column":10},"end":{"line":89,"column":11}}],"line":73},"1":{"loc":{"start":{"line":73,"column":14},"end":{"line":73,"column":49}},"type":"binary-expr","locations":[{"start":{"line":73,"column":14},"end":{"line":73,"column":32}},{"start":{"line":73,"column":36},"end":{"line":73,"column":49}}],"line":73},"2":{"loc":{"start":{"line":110,"column":10},"end":{"line":126,"column":11}},"type":"if","locations":[{"start":{"line":110,"column":10},"end":{"line":126,"column":11}},{"start":{"line":110,"column":10},"end":{"line":126,"column":11}}],"line":110},"3":{"loc":{"start":{"line":110,"column":14},"end":{"line":110,"column":49}},"type":"binary-expr","locations":[{"start":{"line":110,"column":14},"end":{"line":110,"column":32}},{"start":{"line":110,"column":36},"end":{"line":110,"column":49}}],"line":110}},"s":{"0":1,"1":1,"2":1,"3":1,"4":1,"5":0,"6":0,"7":0,"8":0,"9":0,"10":0,"11":0,"12":0,"13":0,"14":0,"15":0,"16":0,"17":0,"18":0,"19":0,"20":0,"21":0,"22":0,"23":0,"24":0,"25":0,"26":0,"27":0,"28":0,"29":0,"30":0,"31":0,"32":0,"33":0,"34":0,"35":0,"36":0,"37":0},"f":{"0":0,"1":0,"2":0,"3":0,"4":0,"5":0,"6":0,"7":0,"8":0,"9":0},"b":{"0":[0,0],"1":[0,0],"2":[0,0],"3":[0,0]},"_coverageSchema":"1a1c01bbd47fc00a2c39e90264f33305004495a9","hash":"8c86b8e71f0cc3f9e7e9e632542d2eceecadb817","contentHash":"5c6b20fea69747dfdff39262e0e5e65759770b24d195308a97d9f192417b36db"},"C:\\Users\\a\\Atom-Console-Backend\\src\\services\\user.js":{"path":"C:\\Users\\a\\Atom-Console-Backend\\src\\services\\user.js","statementMap":{"0":{"start":{"line":1,"column":23},"end":{"line":1,"column":58}},"1":{"start":{"line":2,"column":26},"end":{"line":2,"column":64}},"2":{"start":{"line":3,"column":23},"end":{"line":3,"column":48}},"3":{"start":{"line":4,"column":23},"end":{"line":4,"column":54}},"4":{"start":{"line":6,"column":21},"end":{"line":6,"column":41}},"5":{"start":{"line":8,"column":0},"end":{"line":174,"column":2}},"6":{"start":{"line":10,"column":4},"end":{"line":32,"column":5}},"7":{"start":{"line":11,"column":28},"end":{"line":11,"column":30}},"8":{"start":{"line":12,"column":20},"end":{"line":12,"column":67}},"9":{"start":{"line":13,"column":6},"end":{"line":27,"column":7}},"10":{"start":{"line":19,"column":8},"end":{"line":24,"column":10}},"11":{"start":{"line":26,"column":8},"end":{"line":26,"column":76}},"12":{"start":{"line":29,"column":17},"end":{"line":29,"column":36}},"13":{"start":{"line":30,"column":20},"end":{"line":30,"column":42}},"14":{"start":{"line":31,"column":6},"end":{"line":31,"column":31}},"15":{"start":{"line":36,"column":4},"end":{"line":58,"column":5}},"16":{"start":{"line":37,"column":28},"end":{"line":37,"column":63}},"17":{"start":{"line":38,"column":19},"end":{"line":38,"column":66}},"18":{"start":{"line":39,"column":6},"end":{"line":53,"column":7}},"19":{"start":{"line":45,"column":8},"end":{"line":50,"column":10}},"20":{"start":{"line":52,"column":8},"end":{"line":52,"column":74}},"21":{"start":{"line":55,"column":17},"end":{"line":55,"column":36}},"22":{"start":{"line":56,"column":20},"end":{"line":56,"column":42}},"23":{"start":{"line":57,"column":6},"end":{"line":57,"column":31}},"24":{"start":{"line":62,"column":4},"end":{"line":95,"column":5}},"25":{"start":{"line":63,"column":23},"end":{"line":63,"column":46}},"26":{"start":{"line":64,"column":24},"end":{"line":64,"column":49}},"27":{"start":{"line":65,"column":32},"end":{"line":65,"column":51}},"28":{"start":{"line":66,"column":32},"end":{"line":66,"column":52}},"29":{"start":{"line":67,"column":19},"end":{"line":67,"column":70}},"30":{"start":{"line":68,"column":6},"end":{"line":90,"column":7}},"31":{"start":{"line":74,"column":24},"end":{"line":74,"column":65}},"32":{"start":{"line":75,"column":21},"end":{"line":75,"column":72}},"33":{"start":{"line":76,"column":8},"end":{"line":76,"column":50}},"34":{"start":{"line":77,"column":8},"end":{"line":82,"column":10}},"35":{"start":{"line":84,"column":8},"end":{"line":89,"column":10}},"36":{"start":{"line":92,"column":17},"end":{"line":92,"column":46}},"37":{"start":{"line":93,"column":20},"end":{"line":93,"column":52}},"38":{"start":{"line":94,"column":6},"end":{"line":94,"column":31}},"39":{"start":{"line":99,"column":4},"end":{"line":145,"column":5}},"40":{"start":{"line":100,"column":32},"end":{"line":100,"column":57}},"41":{"start":{"line":101,"column":32},"end":{"line":101,"column":66}},"42":{"start":{"line":103,"column":6},"end":{"line":122,"column":7}},"43":{"start":{"line":108,"column":21},"end":{"line":108,"column":72}},"44":{"start":{"line":109,"column":8},"end":{"line":121,"column":9}},"45":{"start":{"line":110,"column":23},"end":{"line":110,"column":74}},"46":{"start":{"line":111,"column":10},"end":{"line":111,"column":49}},"47":{"start":{"line":112,"column":10},"end":{"line":112,"column":52}},"48":{"start":{"line":113,"column":10},"end":{"line":118,"column":12}},"49":{"start":{"line":120,"column":10},"end":{"line":120,"column":77}},"50":{"start":{"line":124,"column":19},"end":{"line":124,"column":70}},"51":{"start":{"line":125,"column":6},"end":{"line":140,"column":7}},"52":{"start":{"line":131,"column":8},"end":{"line":131,"column":50}},"53":{"start":{"line":132,"column":8},"end":{"line":137,"column":10}},"54":{"start":{"line":139,"column":8},"end":{"line":139,"column":75}},"55":{"start":{"line":142,"column":17},"end":{"line":142,"column":36}},"56":{"start":{"line":143,"column":20},"end":{"line":143,"column":42}},"57":{"start":{"line":144,"column":6},"end":{"line":144,"column":31}},"58":{"start":{"line":149,"column":4},"end":{"line":172,"column":5}},"59":{"start":{"line":150,"column":28},"end":{"line":150,"column":53}},"60":{"start":{"line":151,"column":19},"end":{"line":151,"column":66}},"61":{"start":{"line":152,"column":6},"end":{"line":167,"column":7}},"62":{"start":{"line":158,"column":8},"end":{"line":158,"column":50}},"63":{"start":{"line":159,"column":8},"end":{"line":164,"column":10}},"64":{"start":{"line":166,"column":8},"end":{"line":166,"column":75}},"65":{"start":{"line":169,"column":17},"end":{"line":169,"column":36}},"66":{"start":{"line":170,"column":20},"end":{"line":170,"column":42}},"67":{"start":{"line":171,"column":6},"end":{"line":171,"column":31}}},"fnMap":{"0":{"name":"(anonymous_0)","decl":{"start":{"line":9,"column":12},"end":{"line":9,"column":13}},"loc":{"start":{"line":9,"column":44},"end":{"line":33,"column":3}},"line":9},"1":{"name":"(anonymous_1)","decl":{"start":{"line":35,"column":21},"end":{"line":35,"column":22}},"loc":{"start":{"line":35,"column":52},"end":{"line":59,"column":3}},"line":35},"2":{"name":"(anonymous_2)","decl":{"start":{"line":61,"column":17},"end":{"line":61,"column":18}},"loc":{"start":{"line":61,"column":59},"end":{"line":96,"column":3}},"line":61},"3":{"name":"(anonymous_3)","decl":{"start":{"line":98,"column":14},"end":{"line":98,"column":15}},"loc":{"start":{"line":98,"column":64},"end":{"line":146,"column":3}},"line":98},"4":{"name":"(anonymous_4)","decl":{"start":{"line":148,"column":14},"end":{"line":148,"column":15}},"loc":{"start":{"line":148,"column":54},"end":{"line":173,"column":3}},"line":148}},"branchMap":{"0":{"loc":{"start":{"line":13,"column":6},"end":{"line":27,"column":7}},"type":"if","locations":[{"start":{"line":13,"column":6},"end":{"line":27,"column":7}},{"start":{"line":13,"column":6},"end":{"line":27,"column":7}}],"line":13},"1":{"loc":{"start":{"line":14,"column":8},"end":{"line":17,"column":39}},"type":"binary-expr","locations":[{"start":{"line":14,"column":8},"end":{"line":14,"column":13}},{"start":{"line":15,"column":8},"end":{"line":15,"column":22}},{"start":{"line":16,"column":8},"end":{"line":16,"column":27}},{"start":{"line":17,"column":8},"end":{"line":17,"column":39}}],"line":14},"2":{"loc":{"start":{"line":39,"column":6},"end":{"line":53,"column":7}},"type":"if","locations":[{"start":{"line":39,"column":6},"end":{"line":53,"column":7}},{"start":{"line":39,"column":6},"end":{"line":53,"column":7}}],"line":39},"3":{"loc":{"start":{"line":40,"column":8},"end":{"line":43,"column":38}},"type":"binary-expr","locations":[{"start":{"line":40,"column":8},"end":{"line":40,"column":12}},{"start":{"line":41,"column":8},"end":{"line":41,"column":21}},{"start":{"line":42,"column":8},"end":{"line":42,"column":26}},{"start":{"line":43,"column":8},"end":{"line":43,"column":38}}],"line":40},"4":{"loc":{"start":{"line":68,"column":6},"end":{"line":90,"column":7}},"type":"if","locations":[{"start":{"line":68,"column":6},"end":{"line":90,"column":7}},{"start":{"line":68,"column":6},"end":{"line":90,"column":7}}],"line":68},"5":{"loc":{"start":{"line":69,"column":8},"end":{"line":72,"column":38}},"type":"binary-expr","locations":[{"start":{"line":69,"column":8},"end":{"line":69,"column":12}},{"start":{"line":70,"column":8},"end":{"line":70,"column":21}},{"start":{"line":71,"column":8},"end":{"line":71,"column":26}},{"start":{"line":72,"column":8},"end":{"line":72,"column":38}}],"line":69},"6":{"loc":{"start":{"line":103,"column":6},"end":{"line":122,"column":7}},"type":"if","locations":[{"start":{"line":103,"column":6},"end":{"line":122,"column":7}},{"start":{"line":103,"column":6},"end":{"line":122,"column":7}}],"line":103},"7":{"loc":{"start":{"line":104,"column":8},"end":{"line":106,"column":35}},"type":"binary-expr","locations":[{"start":{"line":104,"column":8},"end":{"line":104,"column":21}},{"start":{"line":105,"column":8},"end":{"line":105,"column":30}},{"start":{"line":106,"column":8},"end":{"line":106,"column":35}}],"line":104},"8":{"loc":{"start":{"line":109,"column":8},"end":{"line":121,"column":9}},"type":"if","locations":[{"start":{"line":109,"column":8},"end":{"line":121,"column":9}},{"start":{"line":109,"column":8},"end":{"line":121,"column":9}}],"line":109},"9":{"loc":{"start":{"line":125,"column":6},"end":{"line":140,"column":7}},"type":"if","locations":[{"start":{"line":125,"column":6},"end":{"line":140,"column":7}},{"start":{"line":125,"column":6},"end":{"line":140,"column":7}}],"line":125},"10":{"loc":{"start":{"line":126,"column":8},"end":{"line":129,"column":38}},"type":"binary-expr","locations":[{"start":{"line":126,"column":8},"end":{"line":126,"column":12}},{"start":{"line":127,"column":8},"end":{"line":127,"column":21}},{"start":{"line":128,"column":8},"end":{"line":128,"column":26}},{"start":{"line":129,"column":8},"end":{"line":129,"column":38}}],"line":126},"11":{"loc":{"start":{"line":152,"column":6},"end":{"line":167,"column":7}},"type":"if","locations":[{"start":{"line":152,"column":6},"end":{"line":167,"column":7}},{"start":{"line":152,"column":6},"end":{"line":167,"column":7}}],"line":152},"12":{"loc":{"start":{"line":153,"column":8},"end":{"line":156,"column":38}},"type":"binary-expr","locations":[{"start":{"line":153,"column":8},"end":{"line":153,"column":12}},{"start":{"line":154,"column":8},"end":{"line":154,"column":21}},{"start":{"line":155,"column":8},"end":{"line":155,"column":26}},{"start":{"line":156,"column":8},"end":{"line":156,"column":38}}],"line":153}},"s":{"0":1,"1":1,"2":1,"3":1,"4":1,"5":1,"6":0,"7":0,"8":0,"9":0,"10":0,"11":0,"12":0,"13":0,"14":0,"15":0,"16":0,"17":0,"18":0,"19":0,"20":0,"21":0,"22":0,"23":0,"24":0,"25":0,"26":0,"27":0,"28":0,"29":0,"30":0,"31":0,"32":0,"33":0,"34":0,"35":0,"36":0,"37":0,"38":0,"39":0,"40":0,"41":0,"42":0,"43":0,"44":0,"45":0,"46":0,"47":0,"48":0,"49":0,"50":0,"51":0,"52":0,"53":0,"54":0,"55":0,"56":0,"57":0,"58":0,"59":0,"60":0,"61":0,"62":0,"63":0,"64":0,"65":0,"66":0,"67":0},"f":{"0":0,"1":0,"2":0,"3":0,"4":0},"b":{"0":[0,0],"1":[0,0,0,0],"2":[0,0],"3":[0,0,0,0],"4":[0,0],"5":[0,0,0,0],"6":[0,0],"7":[0,0,0],"8":[0,0],"9":[0,0],"10":[0,0,0,0],"11":[0,0],"12":[0,0,0,0]},"_coverageSchema":"1a1c01bbd47fc00a2c39e90264f33305004495a9","hash":"adbb1ebdc2a1dbe94c4292af00351ae28549442d","contentHash":"793cf1cb6111ad3287fd14be7768e275322df5f1c107dd29e54200f906f22850"},"C:\\Users\\a\\Atom-Console-Backend\\src\\routes\\dashboard.js":{"path":"C:\\Users\\a\\Atom-Console-Backend\\src\\routes\\dashboard.js","statementMap":{"0":{"start":{"line":1,"column":25},"end":{"line":1,"column":57}},"1":{"start":{"line":6,"column":4},"end":{"line":6,"column":39}},"2":{"start":{"line":8,"column":15},"end":{"line":8,"column":42}},"3":{"start":{"line":10,"column":0},"end":{"line":13,"column":74}},"4":{"start":{"line":15,"column":0},"end":{"line":15,"column":24}}},"fnMap":{},"branchMap":{},"s":{"0":1,"1":1,"2":1,"3":1,"4":1},"f":{},"b":{},"_coverageSchema":"1a1c01bbd47fc00a2c39e90264f33305004495a9","hash":"2cd8edd09d59da12d20f2c43230869ff2e0fba84","contentHash":"7b2fd5711f6ee655aa16f595d31212115deec249472a187e754a22ab8403e6cf"},"C:\\Users\\a\\Atom-Console-Backend\\src\\controllers\\dashboard.js":{"path":"C:\\Users\\a\\Atom-Console-Backend\\src\\controllers\\dashboard.js","statementMap":{"0":{"start":{"line":1,"column":23},"end":{"line":1,"column":58}},"1":{"start":{"line":2,"column":26},"end":{"line":2,"column":64}},"2":{"start":{"line":3,"column":26},"end":{"line":3,"column":58}},"3":{"start":{"line":4,"column":38},"end":{"line":4,"column":55}},"4":{"start":{"line":6,"column":0},"end":{"line":63,"column":2}},"5":{"start":{"line":8,"column":4},"end":{"line":23,"column":5}},"6":{"start":{"line":9,"column":25},"end":{"line":9,"column":49}},"7":{"start":{"line":10,"column":6},"end":{"line":15,"column":8}},"8":{"start":{"line":13,"column":10},"end":{"line":13,"column":68}},"9":{"start":{"line":17,"column":6},"end":{"line":22,"column":8}},"10":{"start":{"line":27,"column":4},"end":{"line":42,"column":5}},"11":{"start":{"line":28,"column":25},"end":{"line":28,"column":49}},"12":{"start":{"line":29,"column":6},"end":{"line":34,"column":8}},"13":{"start":{"line":32,"column":10},"end":{"line":32,"column":68}},"14":{"start":{"line":36,"column":6},"end":{"line":41,"column":8}},"15":{"start":{"line":46,"column":4},"end":{"line":61,"column":5}},"16":{"start":{"line":47,"column":25},"end":{"line":47,"column":49}},"17":{"start":{"line":48,"column":6},"end":{"line":53,"column":8}},"18":{"start":{"line":51,"column":10},"end":{"line":51,"column":68}},"19":{"start":{"line":55,"column":6},"end":{"line":60,"column":8}}},"fnMap":{"0":{"name":"(anonymous_0)","decl":{"start":{"line":7,"column":19},"end":{"line":7,"column":20}},"loc":{"start":{"line":7,"column":48},"end":{"line":24,"column":3}},"line":7},"1":{"name":"(anonymous_1)","decl":{"start":{"line":12,"column":8},"end":{"line":12,"column":9}},"loc":{"start":{"line":12,"column":41},"end":{"line":14,"column":9}},"line":12},"2":{"name":"(anonymous_2)","decl":{"start":{"line":26,"column":20},"end":{"line":26,"column":21}},"loc":{"start":{"line":26,"column":49},"end":{"line":43,"column":3}},"line":26},"3":{"name":"(anonymous_3)","decl":{"start":{"line":31,"column":8},"end":{"line":31,"column":9}},"loc":{"start":{"line":31,"column":41},"end":{"line":33,"column":9}},"line":31},"4":{"name":"(anonymous_4)","decl":{"start":{"line":45,"column":25},"end":{"line":45,"column":26}},"loc":{"start":{"line":45,"column":54},"end":{"line":62,"column":3}},"line":45},"5":{"name":"(anonymous_5)","decl":{"start":{"line":50,"column":8},"end":{"line":50,"column":9}},"loc":{"start":{"line":50,"column":41},"end":{"line":52,"column":9}},"line":50}},"branchMap":{},"s":{"0":1,"1":1,"2":1,"3":1,"4":1,"5":0,"6":0,"7":0,"8":0,"9":0,"10":0,"11":0,"12":0,"13":0,"14":0,"15":0,"16":0,"17":0,"18":0,"19":0},"f":{"0":0,"1":0,"2":0,"3":0,"4":0,"5":0},"b":{},"_coverageSchema":"1a1c01bbd47fc00a2c39e90264f33305004495a9","hash":"78944b68065e6a55e6f510a75cd1536f823dd196","contentHash":"ad8af54ba273cf482dd50723ed0de432a3b0e8853c5d009503602e5806c38e54"},"C:\\Users\\a\\Atom-Console-Backend\\src\\services\\dashboard.js":{"path":"C:\\Users\\a\\Atom-Console-Backend\\src\\services\\dashboard.js","statementMap":{"0":{"start":{"line":1,"column":28},"end":{"line":1,"column":59}},"1":{"start":{"line":2,"column":23},"end":{"line":2,"column":58}},"2":{"start":{"line":3,"column":26},"end":{"line":3,"column":64}},"3":{"start":{"line":5,"column":0},"end":{"line":94,"column":2}},"4":{"start":{"line":7,"column":4},"end":{"line":38,"column":5}},"5":{"start":{"line":8,"column":29},"end":{"line":8,"column":31}},"6":{"start":{"line":9,"column":24},"end":{"line":11,"column":7}},"7":{"start":{"line":12,"column":6},"end":{"line":27,"column":7}},"8":{"start":{"line":13,"column":25},"end":{"line":13,"column":46}},"9":{"start":{"line":14,"column":8},"end":{"line":20,"column":11}},"10":{"start":{"line":15,"column":10},"end":{"line":19,"column":13}},"11":{"start":{"line":21,"column":8},"end":{"line":26,"column":10}},"12":{"start":{"line":28,"column":6},"end":{"line":33,"column":8}},"13":{"start":{"line":35,"column":17},"end":{"line":35,"column":36}},"14":{"start":{"line":36,"column":20},"end":{"line":36,"column":42}},"15":{"start":{"line":37,"column":6},"end":{"line":37,"column":31}},"16":{"start":{"line":42,"column":4},"end":{"line":65,"column":5}},"17":{"start":{"line":43,"column":30},"end":{"line":45,"column":7}},"18":{"start":{"line":46,"column":23},"end":{"line":46,"column":50}},"19":{"start":{"line":47,"column":6},"end":{"line":54,"column":7}},"20":{"start":{"line":48,"column":8},"end":{"line":53,"column":10}},"21":{"start":{"line":55,"column":6},"end":{"line":60,"column":8}},"22":{"start":{"line":62,"column":17},"end":{"line":62,"column":36}},"23":{"start":{"line":63,"column":20},"end":{"line":63,"column":42}},"24":{"start":{"line":64,"column":6},"end":{"line":64,"column":31}},"25":{"start":{"line":69,"column":4},"end":{"line":92,"column":5}},"26":{"start":{"line":70,"column":35},"end":{"line":72,"column":7}},"27":{"start":{"line":73,"column":23},"end":{"line":73,"column":55}},"28":{"start":{"line":74,"column":6},"end":{"line":81,"column":7}},"29":{"start":{"line":75,"column":8},"end":{"line":80,"column":10}},"30":{"start":{"line":82,"column":6},"end":{"line":87,"column":8}},"31":{"start":{"line":89,"column":17},"end":{"line":89,"column":36}},"32":{"start":{"line":90,"column":20},"end":{"line":90,"column":42}},"33":{"start":{"line":91,"column":6},"end":{"line":91,"column":31}}},"fnMap":{"0":{"name":"(anonymous_0)","decl":{"start":{"line":6,"column":16},"end":{"line":6,"column":17}},"loc":{"start":{"line":6,"column":48},"end":{"line":39,"column":3}},"line":6},"1":{"name":"(anonymous_1)","decl":{"start":{"line":14,"column":26},"end":{"line":14,"column":27}},"loc":{"start":{"line":14,"column":42},"end":{"line":20,"column":9}},"line":14},"2":{"name":"(anonymous_2)","decl":{"start":{"line":41,"column":16},"end":{"line":41,"column":17}},"loc":{"start":{"line":41,"column":48},"end":{"line":66,"column":3}},"line":41},"3":{"name":"(anonymous_3)","decl":{"start":{"line":68,"column":22},"end":{"line":68,"column":23}},"loc":{"start":{"line":68,"column":54},"end":{"line":93,"column":3}},"line":68}},"branchMap":{"0":{"loc":{"start":{"line":12,"column":6},"end":{"line":27,"column":7}},"type":"if","locations":[{"start":{"line":12,"column":6},"end":{"line":27,"column":7}},{"start":{"line":12,"column":6},"end":{"line":27,"column":7}}],"line":12},"1":{"loc":{"start":{"line":47,"column":6},"end":{"line":54,"column":7}},"type":"if","locations":[{"start":{"line":47,"column":6},"end":{"line":54,"column":7}},{"start":{"line":47,"column":6},"end":{"line":54,"column":7}}],"line":47},"2":{"loc":{"start":{"line":74,"column":6},"end":{"line":81,"column":7}},"type":"if","locations":[{"start":{"line":74,"column":6},"end":{"line":81,"column":7}},{"start":{"line":74,"column":6},"end":{"line":81,"column":7}}],"line":74}},"s":{"0":1,"1":1,"2":1,"3":1,"4":0,"5":0,"6":0,"7":0,"8":0,"9":0,"10":0,"11":0,"12":0,"13":0,"14":0,"15":0,"16":0,"17":0,"18":0,"19":0,"20":0,"21":0,"22":0,"23":0,"24":0,"25":0,"26":0,"27":0,"28":0,"29":0,"30":0,"31":0,"32":0,"33":0},"f":{"0":0,"1":0,"2":0,"3":0},"b":{"0":[0,0],"1":[0,0],"2":[0,0]},"_coverageSchema":"1a1c01bbd47fc00a2c39e90264f33305004495a9","hash":"0a6c2cdf1ba7102c1a09f910054622fe6fb5b762","contentHash":"b9b6f041f38c0a89d90d5279db1ac6fe3e4b1da5129e9791912bd856c8155035"},"C:\\Users\\a\\Atom-Console-Backend\\src\\repositories\\file.js":{"path":"C:\\Users\\a\\Atom-Console-Backend\\src\\repositories\\file.js","statementMap":{"0":{"start":{"line":1,"column":11},"end":{"line":1,"column":24}},"1":{"start":{"line":2,"column":23},"end":{"line":2,"column":58}},"2":{"start":{"line":3,"column":26},"end":{"line":3,"column":64}},"3":{"start":{"line":7,"column":4},"end":{"line":17,"column":7}},"4":{"start":{"line":8,"column":6},"end":{"line":16,"column":9}},"5":{"start":{"line":9,"column":8},"end":{"line":14,"column":9}},"6":{"start":{"line":10,"column":10},"end":{"line":13,"column":13}},"7":{"start":{"line":15,"column":8},"end":{"line":15,"column":22}},"8":{"start":{"line":21,"column":28},"end":{"line":21,"column":55}},"9":{"start":{"line":22,"column":0},"end":{"line":22,"column":37}}},"fnMap":{"0":{"name":"(anonymous_0)","decl":{"start":{"line":6,"column":2},"end":{"line":6,"column":3}},"loc":{"start":{"line":6,"column":27},"end":{"line":18,"column":3}},"line":6},"1":{"name":"(anonymous_1)","decl":{"start":{"line":7,"column":23},"end":{"line":7,"column":24}},"loc":{"start":{"line":7,"column":44},"end":{"line":17,"column":5}},"line":7},"2":{"name":"(anonymous_2)","decl":{"start":{"line":8,"column":28},"end":{"line":8,"column":29}},"loc":{"start":{"line":8,"column":45},"end":{"line":16,"column":7}},"line":8}},"branchMap":{"0":{"loc":{"start":{"line":9,"column":8},"end":{"line":14,"column":9}},"type":"if","locations":[{"start":{"line":9,"column":8},"end":{"line":14,"column":9}},{"start":{"line":9,"column":8},"end":{"line":14,"column":9}}],"line":9}},"s":{"0":1,"1":1,"2":1,"3":0,"4":0,"5":0,"6":0,"7":0,"8":1,"9":1},"f":{"0":0,"1":0,"2":0},"b":{"0":[0,0]},"_coverageSchema":"1a1c01bbd47fc00a2c39e90264f33305004495a9","hash":"5a99728291690072b3a4fa5878763e8b4e0f2b74","contentHash":"f7a443c5d32f65926300a550ee9de941f78536bf8b02e423bf209c1a58ee19aa"},"C:\\Users\\a\\Atom-Console-Backend\\src\\routes\\partner-billing.js":{"path":"C:\\Users\\a\\Atom-Console-Backend\\src\\routes\\partner-billing.js","statementMap":{"0":{"start":{"line":1,"column":23},"end":{"line":1,"column":55}},"1":{"start":{"line":7,"column":4},"end":{"line":7,"column":45}},"2":{"start":{"line":9,"column":15},"end":{"line":9,"column":42}},"3":{"start":{"line":11,"column":0},"end":{"line":15,"column":68}},"4":{"start":{"line":17,"column":0},"end":{"line":17,"column":24}}},"fnMap":{},"branchMap":{},"s":{"0":1,"1":1,"2":1,"3":1,"4":1},"f":{},"b":{},"_coverageSchema":"1a1c01bbd47fc00a2c39e90264f33305004495a9","hash":"8dbfe02d5f0594a9efacb543a1402910a2ad1157","contentHash":"0340cc44e82df15d37f0e954e1982b75c9e78c7fe870e341bb8d36abf144b5f4"},"C:\\Users\\a\\Atom-Console-Backend\\src\\controllers\\partner-billing.js":{"path":"C:\\Users\\a\\Atom-Console-Backend\\src\\controllers\\partner-billing.js","statementMap":{"0":{"start":{"line":1,"column":23},"end":{"line":1,"column":58}},"1":{"start":{"line":2,"column":26},"end":{"line":2,"column":64}},"2":{"start":{"line":3,"column":31},"end":{"line":3,"column":69}},"3":{"start":{"line":4,"column":24},"end":{"line":4,"column":41}},"4":{"start":{"line":6,"column":0},"end":{"line":88,"column":2}},"5":{"start":{"line":8,"column":4},"end":{"line":23,"column":5}},"6":{"start":{"line":9,"column":25},"end":{"line":9,"column":49}},"7":{"start":{"line":10,"column":6},"end":{"line":15,"column":8}},"8":{"start":{"line":13,"column":10},"end":{"line":13,"column":68}},"9":{"start":{"line":17,"column":6},"end":{"line":22,"column":8}},"10":{"start":{"line":27,"column":4},"end":{"line":44,"column":5}},"11":{"start":{"line":28,"column":25},"end":{"line":28,"column":49}},"12":{"start":{"line":29,"column":27},"end":{"line":29,"column":40}},"13":{"start":{"line":30,"column":6},"end":{"line":36,"column":8}},"14":{"start":{"line":34,"column":10},"end":{"line":34,"column":68}},"15":{"start":{"line":38,"column":6},"end":{"line":43,"column":8}},"16":{"start":{"line":48,"column":4},"end":{"line":63,"column":5}},"17":{"start":{"line":49,"column":25},"end":{"line":49,"column":49}},"18":{"start":{"line":50,"column":6},"end":{"line":55,"column":8}},"19":{"start":{"line":53,"column":10},"end":{"line":53,"column":68}},"20":{"start":{"line":57,"column":6},"end":{"line":62,"column":8}},"21":{"start":{"line":67,"column":4},"end":{"line":86,"column":5}},"22":{"start":{"line":68,"column":25},"end":{"line":68,"column":49}},"23":{"start":{"line":69,"column":27},"end":{"line":69,"column":40}},"24":{"start":{"line":70,"column":27},"end":{"line":70,"column":52}},"25":{"start":{"line":71,"column":6},"end":{"line":78,"column":8}},"26":{"start":{"line":76,"column":10},"end":{"line":76,"column":68}},"27":{"start":{"line":80,"column":6},"end":{"line":85,"column":8}}},"fnMap":{"0":{"name":"(anonymous_0)","decl":{"start":{"line":7,"column":22},"end":{"line":7,"column":23}},"loc":{"start":{"line":7,"column":51},"end":{"line":24,"column":3}},"line":7},"1":{"name":"(anonymous_1)","decl":{"start":{"line":12,"column":8},"end":{"line":12,"column":9}},"loc":{"start":{"line":12,"column":41},"end":{"line":14,"column":9}},"line":12},"2":{"name":"(anonymous_2)","decl":{"start":{"line":26,"column":21},"end":{"line":26,"column":22}},"loc":{"start":{"line":26,"column":50},"end":{"line":45,"column":3}},"line":26},"3":{"name":"(anonymous_3)","decl":{"start":{"line":33,"column":8},"end":{"line":33,"column":9}},"loc":{"start":{"line":33,"column":41},"end":{"line":35,"column":9}},"line":33},"4":{"name":"(anonymous_4)","decl":{"start":{"line":47,"column":24},"end":{"line":47,"column":25}},"loc":{"start":{"line":47,"column":53},"end":{"line":64,"column":3}},"line":47},"5":{"name":"(anonymous_5)","decl":{"start":{"line":52,"column":8},"end":{"line":52,"column":9}},"loc":{"start":{"line":52,"column":41},"end":{"line":54,"column":9}},"line":52},"6":{"name":"(anonymous_6)","decl":{"start":{"line":66,"column":27},"end":{"line":66,"column":28}},"loc":{"start":{"line":66,"column":56},"end":{"line":87,"column":3}},"line":66},"7":{"name":"(anonymous_7)","decl":{"start":{"line":75,"column":8},"end":{"line":75,"column":9}},"loc":{"start":{"line":75,"column":41},"end":{"line":77,"column":9}},"line":75}},"branchMap":{},"s":{"0":1,"1":1,"2":1,"3":1,"4":1,"5":0,"6":0,"7":0,"8":0,"9":0,"10":0,"11":0,"12":0,"13":0,"14":0,"15":0,"16":0,"17":0,"18":0,"19":0,"20":0,"21":0,"22":0,"23":0,"24":0,"25":0,"26":0,"27":0},"f":{"0":0,"1":0,"2":0,"3":0,"4":0,"5":0,"6":0,"7":0},"b":{},"_coverageSchema":"1a1c01bbd47fc00a2c39e90264f33305004495a9","hash":"73d581147b964452cd2d076fcf81010ec12921e9","contentHash":"2951faade271f8139767896af9b3ccbdde766b140697d6c4280be6ca5094d700"},"C:\\Users\\a\\Atom-Console-Backend\\src\\services\\partner-billing.js":{"path":"C:\\Users\\a\\Atom-Console-Backend\\src\\services\\partner-billing.js","statementMap":{"0":{"start":{"line":1,"column":23},"end":{"line":1,"column":58}},"1":{"start":{"line":2,"column":26},"end":{"line":2,"column":64}},"2":{"start":{"line":3,"column":28},"end":{"line":3,"column":59}},"3":{"start":{"line":4,"column":25},"end":{"line":4,"column":60}},"4":{"start":{"line":5,"column":30},"end":{"line":5,"column":71}},"5":{"start":{"line":6,"column":31},"end":{"line":6,"column":73}},"6":{"start":{"line":7,"column":27},"end":{"line":7,"column":56}},"7":{"start":{"line":15,"column":4},"end":{"line":15,"column":39}},"8":{"start":{"line":17,"column":0},"end":{"line":406,"column":2}},"9":{"start":{"line":19,"column":4},"end":{"line":64,"column":5}},"10":{"start":{"line":20,"column":27},"end":{"line":20,"column":29}},"11":{"start":{"line":21,"column":23},"end":{"line":24,"column":8}},"12":{"start":{"line":25,"column":6},"end":{"line":57,"column":7}},"13":{"start":{"line":31,"column":8},"end":{"line":43,"column":11}},"14":{"start":{"line":32,"column":10},"end":{"line":42,"column":13}},"15":{"start":{"line":44,"column":8},"end":{"line":49,"column":10}},"16":{"start":{"line":51,"column":8},"end":{"line":56,"column":10}},"17":{"start":{"line":59,"column":6},"end":{"line":63,"column":8}},"18":{"start":{"line":68,"column":4},"end":{"line":113,"column":5}},"19":{"start":{"line":69,"column":24},"end":{"line":69,"column":26}},"20":{"start":{"line":70,"column":19},"end":{"line":70,"column":36}},"21":{"start":{"line":71,"column":20},"end":{"line":71,"column":38}},"22":{"start":{"line":72,"column":26},"end":{"line":72,"column":58}},"23":{"start":{"line":73,"column":20},"end":{"line":81,"column":7}},"24":{"start":{"line":82,"column":6},"end":{"line":106,"column":7}},"25":{"start":{"line":88,"column":8},"end":{"line":92,"column":11}},"26":{"start":{"line":89,"column":10},"end":{"line":91,"column":13}},"27":{"start":{"line":93,"column":8},"end":{"line":98,"column":10}},"28":{"start":{"line":100,"column":8},"end":{"line":105,"column":10}},"29":{"start":{"line":108,"column":6},"end":{"line":112,"column":8}},"30":{"start":{"line":117,"column":4},"end":{"line":162,"column":5}},"31":{"start":{"line":118,"column":24},"end":{"line":118,"column":26}},"32":{"start":{"line":119,"column":20},"end":{"line":119,"column":30}},"33":{"start":{"line":120,"column":51},"end":{"line":120,"column":71}},"34":{"start":{"line":121,"column":23},"end":{"line":121,"column":77}},"35":{"start":{"line":123,"column":8},"end":{"line":123,"column":64}},"36":{"start":{"line":125,"column":8},"end":{"line":130,"column":9}},"37":{"start":{"line":131,"column":6},"end":{"line":155,"column":7}},"38":{"start":{"line":137,"column":8},"end":{"line":141,"column":11}},"39":{"start":{"line":138,"column":10},"end":{"line":140,"column":13}},"40":{"start":{"line":142,"column":8},"end":{"line":147,"column":10}},"41":{"start":{"line":149,"column":8},"end":{"line":154,"column":10}},"42":{"start":{"line":157,"column":6},"end":{"line":161,"column":8}},"43":{"start":{"line":171,"column":4},"end":{"line":404,"column":5}},"44":{"start":{"line":180,"column":33},"end":{"line":180,"column":35}},"45":{"start":{"line":182,"column":22},"end":{"line":182,"column":44}},"46":{"start":{"line":183,"column":20},"end":{"line":183,"column":40}},"47":{"start":{"line":185,"column":30},"end":{"line":187,"column":8}},"48":{"start":{"line":188,"column":6},"end":{"line":209,"column":9}},"49":{"start":{"line":189,"column":8},"end":{"line":208,"column":9}},"50":{"start":{"line":190,"column":10},"end":{"line":207,"column":11}},"51":{"start":{"line":191,"column":12},"end":{"line":194,"column":13}},"52":{"start":{"line":192,"column":14},"end":{"line":192,"column":54}},"53":{"start":{"line":193,"column":14},"end":{"line":193,"column":58}},"54":{"start":{"line":195,"column":12},"end":{"line":198,"column":13}},"55":{"start":{"line":196,"column":14},"end":{"line":196,"column":55}},"56":{"start":{"line":197,"column":14},"end":{"line":197,"column":59}},"57":{"start":{"line":199,"column":12},"end":{"line":202,"column":13}},"58":{"start":{"line":200,"column":14},"end":{"line":200,"column":59}},"59":{"start":{"line":201,"column":14},"end":{"line":201,"column":63}},"60":{"start":{"line":203,"column":12},"end":{"line":206,"column":13}},"61":{"start":{"line":204,"column":14},"end":{"line":204,"column":59}},"62":{"start":{"line":205,"column":14},"end":{"line":205,"column":63}},"63":{"start":{"line":211,"column":30},"end":{"line":227,"column":7}},"64":{"start":{"line":224,"column":8},"end":{"line":226,"column":9}},"65":{"start":{"line":225,"column":49},"end":{"line":225,"column":64}},"66":{"start":{"line":228,"column":6},"end":{"line":397,"column":8}},"67":{"start":{"line":231,"column":10},"end":{"line":395,"column":11}},"68":{"start":{"line":232,"column":12},"end":{"line":368,"column":13}},"69":{"start":{"line":236,"column":27},"end":{"line":236,"column":54}},"70":{"start":{"line":237,"column":28},"end":{"line":237,"column":56}},"71":{"start":{"line":238,"column":32},"end":{"line":238,"column":64}},"72":{"start":{"line":239,"column":14},"end":{"line":253,"column":15}},"73":{"start":{"line":240,"column":40},"end":{"line":246,"column":17}},"74":{"start":{"line":247,"column":16},"end":{"line":252,"column":19}},"75":{"start":{"line":248,"column":33},"end":{"line":248,"column":45}},"76":{"start":{"line":249,"column":18},"end":{"line":251,"column":21}},"77":{"start":{"line":250,"column":20},"end":{"line":250,"column":57}},"78":{"start":{"line":254,"column":14},"end":{"line":286,"column":15}},"79":{"start":{"line":255,"column":41},"end":{"line":261,"column":17}},"80":{"start":{"line":262,"column":16},"end":{"line":267,"column":19}},"81":{"start":{"line":263,"column":33},"end":{"line":263,"column":45}},"82":{"start":{"line":264,"column":18},"end":{"line":266,"column":21}},"83":{"start":{"line":265,"column":20},"end":{"line":265,"column":58}},"84":{"start":{"line":268,"column":21},"end":{"line":286,"column":15}},"85":{"start":{"line":274,"column":18},"end":{"line":277,"column":20}},"86":{"start":{"line":279,"column":16},"end":{"line":285,"column":19}},"87":{"start":{"line":280,"column":33},"end":{"line":280,"column":45}},"88":{"start":{"line":281,"column":18},"end":{"line":281,"column":42}},"89":{"start":{"line":282,"column":18},"end":{"line":284,"column":21}},"90":{"start":{"line":283,"column":20},"end":{"line":283,"column":62}},"91":{"start":{"line":288,"column":47},"end":{"line":291,"column":15}},"92":{"start":{"line":293,"column":34},"end":{"line":293,"column":66}},"93":{"start":{"line":295,"column":14},"end":{"line":317,"column":15}},"94":{"start":{"line":296,"column":47},"end":{"line":296,"column":53}},"95":{"start":{"line":298,"column":18},"end":{"line":304,"column":19}},"96":{"start":{"line":305,"column":16},"end":{"line":310,"column":19}},"97":{"start":{"line":311,"column":16},"end":{"line":316,"column":19}},"98":{"start":{"line":322,"column":29},"end":{"line":322,"column":61}},"99":{"start":{"line":324,"column":14},"end":{"line":339,"column":15}},"100":{"start":{"line":325,"column":42},"end":{"line":331,"column":17}},"101":{"start":{"line":333,"column":16},"end":{"line":338,"column":19}},"102":{"start":{"line":334,"column":33},"end":{"line":334,"column":45}},"103":{"start":{"line":335,"column":18},"end":{"line":337,"column":21}},"104":{"start":{"line":336,"column":20},"end":{"line":336,"column":59}},"105":{"start":{"line":341,"column":34},"end":{"line":341,"column":66}},"106":{"start":{"line":343,"column":47},"end":{"line":346,"column":15}},"107":{"start":{"line":348,"column":14},"end":{"line":367,"column":15}},"108":{"start":{"line":349,"column":47},"end":{"line":349,"column":53}},"109":{"start":{"line":352,"column":18},"end":{"line":358,"column":19}},"110":{"start":{"line":360,"column":16},"end":{"line":366,"column":19}},"111":{"start":{"line":361,"column":18},"end":{"line":365,"column":21}},"112":{"start":{"line":369,"column":12},"end":{"line":388,"column":13}},"113":{"start":{"line":375,"column":14},"end":{"line":380,"column":16}},"114":{"start":{"line":382,"column":14},"end":{"line":387,"column":16}},"115":{"start":{"line":390,"column":12},"end":{"line":394,"column":14}},"116":{"start":{"line":399,"column":6},"end":{"line":403,"column":8}}},"fnMap":{"0":{"name":"(anonymous_0)","decl":{"start":{"line":18,"column":12},"end":{"line":18,"column":13}},"loc":{"start":{"line":18,"column":44},"end":{"line":65,"column":3}},"line":18},"1":{"name":"(anonymous_1)","decl":{"start":{"line":31,"column":34},"end":{"line":31,"column":35}},"loc":{"start":{"line":31,"column":47},"end":{"line":43,"column":9}},"line":31},"2":{"name":"(anonymous_2)","decl":{"start":{"line":67,"column":16},"end":{"line":67,"column":17}},"loc":{"start":{"line":67,"column":62},"end":{"line":114,"column":3}},"line":67},"3":{"name":"(anonymous_3)","decl":{"start":{"line":88,"column":32},"end":{"line":88,"column":33}},"loc":{"start":{"line":88,"column":42},"end":{"line":92,"column":9}},"line":88},"4":{"name":"(anonymous_4)","decl":{"start":{"line":116,"column":33},"end":{"line":116,"column":34}},"loc":{"start":{"line":116,"column":65},"end":{"line":163,"column":3}},"line":116},"5":{"name":"(anonymous_5)","decl":{"start":{"line":137,"column":36},"end":{"line":137,"column":37}},"loc":{"start":{"line":137,"column":46},"end":{"line":141,"column":9}},"line":137},"6":{"name":"(anonymous_6)","decl":{"start":{"line":165,"column":24},"end":{"line":165,"column":25}},"loc":{"start":{"line":170,"column":7},"end":{"line":405,"column":3}},"line":170},"7":{"name":"(anonymous_7)","decl":{"start":{"line":188,"column":35},"end":{"line":188,"column":36}},"loc":{"start":{"line":188,"column":45},"end":{"line":209,"column":7}},"line":188},"8":{"name":"(anonymous_8)","decl":{"start":{"line":223,"column":12},"end":{"line":223,"column":13}},"loc":{"start":{"line":224,"column":8},"end":{"line":226,"column":9}},"line":224},"9":{"name":"(anonymous_9)","decl":{"start":{"line":225,"column":37},"end":{"line":225,"column":38}},"loc":{"start":{"line":225,"column":49},"end":{"line":225,"column":64}},"line":225},"10":{"name":"(anonymous_10)","decl":{"start":{"line":229,"column":28},"end":{"line":229,"column":29}},"loc":{"start":{"line":229,"column":47},"end":{"line":396,"column":9}},"line":229},"11":{"name":"(anonymous_11)","decl":{"start":{"line":247,"column":53},"end":{"line":247,"column":54}},"loc":{"start":{"line":247,"column":64},"end":{"line":252,"column":17}},"line":247},"12":{"name":"(anonymous_12)","decl":{"start":{"line":249,"column":33},"end":{"line":249,"column":34}},"loc":{"start":{"line":249,"column":44},"end":{"line":251,"column":19}},"line":249},"13":{"name":"(anonymous_13)","decl":{"start":{"line":262,"column":54},"end":{"line":262,"column":55}},"loc":{"start":{"line":262,"column":65},"end":{"line":267,"column":17}},"line":262},"14":{"name":"(anonymous_14)","decl":{"start":{"line":264,"column":33},"end":{"line":264,"column":34}},"loc":{"start":{"line":264,"column":44},"end":{"line":266,"column":19}},"line":264},"15":{"name":"(anonymous_15)","decl":{"start":{"line":279,"column":58},"end":{"line":279,"column":59}},"loc":{"start":{"line":279,"column":69},"end":{"line":285,"column":17}},"line":279},"16":{"name":"(anonymous_16)","decl":{"start":{"line":282,"column":33},"end":{"line":282,"column":34}},"loc":{"start":{"line":282,"column":44},"end":{"line":284,"column":19}},"line":282},"17":{"name":"(anonymous_17)","decl":{"start":{"line":333,"column":55},"end":{"line":333,"column":56}},"loc":{"start":{"line":333,"column":66},"end":{"line":338,"column":17}},"line":333},"18":{"name":"(anonymous_18)","decl":{"start":{"line":335,"column":33},"end":{"line":335,"column":34}},"loc":{"start":{"line":335,"column":44},"end":{"line":337,"column":19}},"line":335},"19":{"name":"(anonymous_19)","decl":{"start":{"line":360,"column":63},"end":{"line":360,"column":64}},"loc":{"start":{"line":360,"column":73},"end":{"line":366,"column":17}},"line":360}},"branchMap":{"0":{"loc":{"start":{"line":25,"column":6},"end":{"line":57,"column":7}},"type":"if","locations":[{"start":{"line":25,"column":6},"end":{"line":57,"column":7}},{"start":{"line":25,"column":6},"end":{"line":57,"column":7}}],"line":25},"1":{"loc":{"start":{"line":26,"column":8},"end":{"line":29,"column":42}},"type":"binary-expr","locations":[{"start":{"line":26,"column":8},"end":{"line":26,"column":16}},{"start":{"line":27,"column":8},"end":{"line":27,"column":30}},{"start":{"line":28,"column":8},"end":{"line":28,"column":25}},{"start":{"line":29,"column":8},"end":{"line":29,"column":42}}],"line":26},"2":{"loc":{"start":{"line":74,"column":44},"end":{"line":74,"column":53}},"type":"binary-expr","locations":[{"start":{"line":74,"column":44},"end":{"line":74,"column":48}},{"start":{"line":74,"column":52},"end":{"line":74,"column":53}}],"line":74},"3":{"loc":{"start":{"line":75,"column":10},"end":{"line":75,"column":25}},"type":"binary-expr","locations":[{"start":{"line":75,"column":10},"end":{"line":75,"column":15}},{"start":{"line":75,"column":19},"end":{"line":75,"column":25}}],"line":75},"4":{"loc":{"start":{"line":82,"column":6},"end":{"line":106,"column":7}},"type":"if","locations":[{"start":{"line":82,"column":6},"end":{"line":106,"column":7}},{"start":{"line":82,"column":6},"end":{"line":106,"column":7}}],"line":82},"5":{"loc":{"start":{"line":83,"column":8},"end":{"line":86,"column":44}},"type":"binary-expr","locations":[{"start":{"line":83,"column":8},"end":{"line":83,"column":18}},{"start":{"line":84,"column":8},"end":{"line":84,"column":32}},{"start":{"line":85,"column":8},"end":{"line":85,"column":27}},{"start":{"line":86,"column":8},"end":{"line":86,"column":44}}],"line":83},"6":{"loc":{"start":{"line":131,"column":6},"end":{"line":155,"column":7}},"type":"if","locations":[{"start":{"line":131,"column":6},"end":{"line":155,"column":7}},{"start":{"line":131,"column":6},"end":{"line":155,"column":7}}],"line":131},"7":{"loc":{"start":{"line":132,"column":8},"end":{"line":135,"column":53}},"type":"binary-expr","locations":[{"start":{"line":132,"column":8},"end":{"line":132,"column":22}},{"start":{"line":133,"column":8},"end":{"line":133,"column":41}},{"start":{"line":134,"column":8},"end":{"line":134,"column":36}},{"start":{"line":135,"column":8},"end":{"line":135,"column":53}}],"line":132},"8":{"loc":{"start":{"line":189,"column":8},"end":{"line":208,"column":9}},"type":"if","locations":[{"start":{"line":189,"column":8},"end":{"line":208,"column":9}},{"start":{"line":189,"column":8},"end":{"line":208,"column":9}}],"line":189},"9":{"loc":{"start":{"line":190,"column":10},"end":{"line":207,"column":11}},"type":"if","locations":[{"start":{"line":190,"column":10},"end":{"line":207,"column":11}},{"start":{"line":190,"column":10},"end":{"line":207,"column":11}}],"line":190},"10":{"loc":{"start":{"line":191,"column":12},"end":{"line":194,"column":13}},"type":"if","locations":[{"start":{"line":191,"column":12},"end":{"line":194,"column":13}},{"start":{"line":191,"column":12},"end":{"line":194,"column":13}}],"line":191},"11":{"loc":{"start":{"line":195,"column":12},"end":{"line":198,"column":13}},"type":"if","locations":[{"start":{"line":195,"column":12},"end":{"line":198,"column":13}},{"start":{"line":195,"column":12},"end":{"line":198,"column":13}}],"line":195},"12":{"loc":{"start":{"line":199,"column":12},"end":{"line":202,"column":13}},"type":"if","locations":[{"start":{"line":199,"column":12},"end":{"line":202,"column":13}},{"start":{"line":199,"column":12},"end":{"line":202,"column":13}}],"line":199},"13":{"loc":{"start":{"line":203,"column":12},"end":{"line":206,"column":13}},"type":"if","locations":[{"start":{"line":203,"column":12},"end":{"line":206,"column":13}},{"start":{"line":203,"column":12},"end":{"line":206,"column":13}}],"line":203},"14":{"loc":{"start":{"line":232,"column":12},"end":{"line":368,"column":13}},"type":"if","locations":[{"start":{"line":232,"column":12},"end":{"line":368,"column":13}},{"start":{"line":232,"column":12},"end":{"line":368,"column":13}}],"line":232},"15":{"loc":{"start":{"line":233,"column":14},"end":{"line":234,"column":58}},"type":"binary-expr","locations":[{"start":{"line":233,"column":14},"end":{"line":233,"column":61}},{"start":{"line":234,"column":14},"end":{"line":234,"column":58}}],"line":233},"16":{"loc":{"start":{"line":239,"column":14},"end":{"line":253,"column":15}},"type":"if","locations":[{"start":{"line":239,"column":14},"end":{"line":253,"column":15}},{"start":{"line":239,"column":14},"end":{"line":253,"column":15}}],"line":239},"17":{"loc":{"start":{"line":254,"column":14},"end":{"line":286,"column":15}},"type":"if","locations":[{"start":{"line":254,"column":14},"end":{"line":286,"column":15}},{"start":{"line":254,"column":14},"end":{"line":286,"column":15}}],"line":254},"18":{"loc":{"start":{"line":268,"column":21},"end":{"line":286,"column":15}},"type":"if","locations":[{"start":{"line":268,"column":21},"end":{"line":286,"column":15}},{"start":{"line":268,"column":21},"end":{"line":286,"column":15}}],"line":268},"19":{"loc":{"start":{"line":269,"column":16},"end":{"line":271,"column":39}},"type":"binary-expr","locations":[{"start":{"line":269,"column":16},"end":{"line":269,"column":34}},{"start":{"line":270,"column":16},"end":{"line":270,"column":35}},{"start":{"line":271,"column":16},"end":{"line":271,"column":39}}],"line":269},"20":{"loc":{"start":{"line":309,"column":20},"end":{"line":309,"column":77}},"type":"binary-expr","locations":[{"start":{"line":309,"column":20},"end":{"line":309,"column":72}},{"start":{"line":309,"column":76},"end":{"line":309,"column":77}}],"line":309},"21":{"loc":{"start":{"line":315,"column":20},"end":{"line":315,"column":79}},"type":"binary-expr","locations":[{"start":{"line":315,"column":20},"end":{"line":315,"column":74}},{"start":{"line":315,"column":78},"end":{"line":315,"column":79}}],"line":315},"22":{"loc":{"start":{"line":324,"column":14},"end":{"line":339,"column":15}},"type":"if","locations":[{"start":{"line":324,"column":14},"end":{"line":339,"column":15}},{"start":{"line":324,"column":14},"end":{"line":339,"column":15}}],"line":324},"23":{"loc":{"start":{"line":364,"column":22},"end":{"line":364,"column":64}},"type":"binary-expr","locations":[{"start":{"line":364,"column":22},"end":{"line":364,"column":59}},{"start":{"line":364,"column":63},"end":{"line":364,"column":64}}],"line":364},"24":{"loc":{"start":{"line":369,"column":12},"end":{"line":388,"column":13}},"type":"if","locations":[{"start":{"line":369,"column":12},"end":{"line":388,"column":13}},{"start":{"line":369,"column":12},"end":{"line":388,"column":13}}],"line":369},"25":{"loc":{"start":{"line":370,"column":14},"end":{"line":373,"column":60}},"type":"binary-expr","locations":[{"start":{"line":370,"column":14},"end":{"line":370,"column":34}},{"start":{"line":371,"column":14},"end":{"line":371,"column":48}},{"start":{"line":372,"column":14},"end":{"line":372,"column":43}},{"start":{"line":373,"column":14},"end":{"line":373,"column":60}}],"line":370}},"s":{"0":1,"1":1,"2":1,"3":1,"4":1,"5":1,"6":1,"7":1,"8":1,"9":0,"10":0,"11":0,"12":0,"13":0,"14":0,"15":0,"16":0,"17":0,"18":0,"19":0,"20":0,"21":0,"22":0,"23":0,"24":0,"25":0,"26":0,"27":0,"28":0,"29":0,"30":0,"31":0,"32":0,"33":0,"34":0,"35":0,"36":0,"37":0,"38":0,"39":0,"40":0,"41":0,"42":0,"43":0,"44":0,"45":0,"46":0,"47":0,"48":0,"49":0,"50":0,"51":0,"52":0,"53":0,"54":0,"55":0,"56":0,"57":0,"58":0,"59":0,"60":0,"61":0,"62":0,"63":0,"64":0,"65":0,"66":0,"67":0,"68":0,"69":0,"70":0,"71":0,"72":0,"73":0,"74":0,"75":0,"76":0,"77":0,"78":0,"79":0,"80":0,"81":0,"82":0,"83":0,"84":0,"85":0,"86":0,"87":0,"88":0,"89":0,"90":0,"91":0,"92":0,"93":0,"94":0,"95":0,"96":0,"97":0,"98":0,"99":0,"100":0,"101":0,"102":0,"103":0,"104":0,"105":0,"106":0,"107":0,"108":0,"109":0,"110":0,"111":0,"112":0,"113":0,"114":0,"115":0,"116":0},"f":{"0":0,"1":0,"2":0,"3":0,"4":0,"5":0,"6":0,"7":0,"8":0,"9":0,"10":0,"11":0,"12":0,"13":0,"14":0,"15":0,"16":0,"17":0,"18":0,"19":0},"b":{"0":[0,0],"1":[0,0,0,0],"2":[0,0],"3":[0,0],"4":[0,0],"5":[0,0,0,0],"6":[0,0],"7":[0,0,0,0],"8":[0,0],"9":[0,0],"10":[0,0],"11":[0,0],"12":[0,0],"13":[0,0],"14":[0,0],"15":[0,0],"16":[0,0],"17":[0,0],"18":[0,0],"19":[0,0,0],"20":[0,0],"21":[0,0],"22":[0,0],"23":[0,0],"24":[0,0],"25":[0,0,0,0]},"_coverageSchema":"1a1c01bbd47fc00a2c39e90264f33305004495a9","hash":"76ad37c188c0b28b830e301094511215cdb42dfc","contentHash":"f1a873aeaca491b963a21716b159814e2102a29713d45139ce2609ab7f08ebc3"},"C:\\Users\\a\\Atom-Console-Backend\\src\\repositories\\atom.js":{"path":"C:\\Users\\a\\Atom-Console-Backend\\src\\repositories\\atom.js","statementMap":{"0":{"start":{"line":1,"column":27},"end":{"line":1,"column":43}},"1":{"start":{"line":5,"column":4},"end":{"line":5,"column":80}},"2":{"start":{"line":6,"column":21},"end":{"line":9,"column":5}},"3":{"start":{"line":10,"column":4},"end":{"line":10,"column":16}},"4":{"start":{"line":16,"column":21},"end":{"line":19,"column":5}},"5":{"start":{"line":20,"column":4},"end":{"line":20,"column":16}},"6":{"start":{"line":24,"column":21},"end":{"line":27,"column":5}},"7":{"start":{"line":28,"column":4},"end":{"line":28,"column":16}},"8":{"start":{"line":34,"column":21},"end":{"line":38,"column":5}},"9":{"start":{"line":39,"column":4},"end":{"line":39,"column":16}},"10":{"start":{"line":43,"column":21},"end":{"line":47,"column":5}},"11":{"start":{"line":48,"column":4},"end":{"line":48,"column":16}},"12":{"start":{"line":52,"column":21},"end":{"line":56,"column":5}},"13":{"start":{"line":57,"column":4},"end":{"line":57,"column":22}},"14":{"start":{"line":58,"column":4},"end":{"line":58,"column":16}},"15":{"start":{"line":62,"column":21},"end":{"line":66,"column":5}},"16":{"start":{"line":67,"column":4},"end":{"line":67,"column":16}},"17":{"start":{"line":71,"column":21},"en
[...]
tart":{"line":181,"column":6},"end":{"line":181,"column":31}},"55":{"start":{"line":186,"column":4},"end":{"line":217,"column":5}},"56":{"start":{"line":187,"column":26},"end":{"line":187,"column":58}},"57":{"start":{"line":188,"column":27},"end":{"line":191,"column":8}},"58":{"start":{"line":192,"column":6},"end":{"line":192,"column":32}},"59":{"start":{"line":193,"column":6},"end":{"line":212,"column":7}},"60":{"start":{"line":199,"column":8},"end":{"line":204,"column":10}},"61":{"start":{"line":206,"column":8},"end":{"line":211,"column":10}},"62":{"start":{"line":214,"column":17},"end":{"line":214,"column":36}},"63":{"start":{"line":215,"column":20},"end":{"line":215,"column":42}},"64":{"start":{"line":216,"column":6},"end":{"line":216,"column":31}},"65":{"start":{"line":221,"column":4},"end":{"line":251,"column":5}},"66":{"start":{"line":222,"column":26},"end":{"line":222,"column":58}},"67":{"start":{"line":223,"column":29},"end":{"line":226,"column":8}},"68":{"start":{"line":227,"column":6},"end":{"line":246,"column":7}},"69":{"start":{"line":233,"column":8},"end":{"line":238,"column":10}},"70":{"start":{"line":240,"column":8},"end":{"line":245,"column":10}},"71":{"start":{"line":248,"column":17},"end":{"line":248,"column":36}},"72":{"start":{"line":249,"column":20},"end":{"line":249,"column":42}},"73":{"start":{"line":250,"column":6},"end":{"line":250,"column":31}},"74":{"start":{"line":255,"column":4},"end":{"line":319,"column":5}},"75":{"start":{"line":257,"column":26},"end":{"line":257,"column":58}},"76":{"start":{"line":258,"column":27},"end":{"line":261,"column":8}},"77":{"start":{"line":262,"column":6},"end":{"line":278,"column":9}},"78":{"start":{"line":263,"column":8},"end":{"line":265,"column":9}},"79":{"start":{"line":264,"column":10},"end":{"line":264,"column":43}},"80":{"start":{"line":266,"column":8},"end":{"line":268,"column":9}},"81":{"start":{"line":267,"column":10},"end":{"line":267,"column":45}},"82":{"start":{"line":269,"column":8},"end":{"line":271,"column":9}},"83":{"start":{"line":270,"column":10},"end":{"line":270,"column":40}},"84":{"start":{"line":272,"column":8},"end":{"line":274,"column":9}},"85":{"start":{"line":273,"column":10},"end":{"line":273,"column":40}},"86":{"start":{"line":275,"column":8},"end":{"line":277,"column":9}},"87":{"start":{"line":276,"column":10},"end":{"line":276,"column":37}},"88":{"start":{"line":280,"column":25},"end":{"line":286,"column":7}},"89":{"start":{"line":288,"column":32},"end":{"line":294,"column":7}},"90":{"start":{"line":295,"column":6},"end":{"line":314,"column":7}},"91":{"start":{"line":301,"column":8},"end":{"line":306,"column":10}},"92":{"start":{"line":308,"column":8},"end":{"line":313,"column":10}},"93":{"start":{"line":316,"column":17},"end":{"line":316,"column":36}},"94":{"start":{"line":317,"column":20},"end":{"line":317,"column":42}},"95":{"start":{"line":318,"column":6},"end":{"line":318,"column":31}},"96":{"start":{"line":323,"column":4},"end":{"line":381,"column":5}},"97":{"start":{"line":324,"column":6},"end":{"line":376,"column":7}},"98":{"start":{"line":325,"column":28},"end":{"line":325,"column":60}},"99":{"start":{"line":326,"column":23},"end":{"line":329,"column":10}},"100":{"start":{"line":330,"column":8},"end":{"line":349,"column":9}},"101":{"start":{"line":336,"column":10},"end":{"line":341,"column":12}},"102":{"start":{"line":343,"column":10},"end":{"line":348,"column":12}},"103":{"start":{"line":351,"column":28},"end":{"line":351,"column":60}},"104":{"start":{"line":352,"column":24},"end":{"line":355,"column":10}},"105":{"start":{"line":356,"column":8},"end":{"line":375,"column":9}},"106":{"start":{"line":362,"column":10},"end":{"line":367,"column":12}},"107":{"start":{"line":369,"column":10},"end":{"line":374,"column":12}},"108":{"start":{"line":378,"column":17},"end":{"line":378,"column":36}},"109":{"start":{"line":379,"column":20},"end":{"line":379,"column":42}},"110":{"start":{"line":380,"column":6},"end":{"line":380,"column":31}},"111":{"start":{"line":385,"column":4},"end":{"line":418,"column":5}},"112":{"start":{"line":386,"column":26},"end":{"line":386,"column":58}},"113":{"start":{"line":387,"column":35},"end":{"line":393,"column":7}},"114":{"start":{"line":394,"column":6},"end":{"line":413,"column":7}},"115":{"start":{"line":400,"column":8},"end":{"line":405,"column":10}},"116":{"start":{"line":407,"column":8},"end":{"line":412,"column":10}},"117":{"start":{"line":415,"column":17},"end":{"line":415,"column":36}},"118":{"start":{"line":416,"column":20},"end":{"line":416,"column":42}},"119":{"start":{"line":417,"column":6},"end":{"line":417,"column":31}},"120":{"start":{"line":422,"column":4},"end":{"line":456,"column":5}},"121":{"start":{"line":423,"column":26},"end":{"line":423,"column":58}},"122":{"start":{"line":424,"column":24},"end":{"line":430,"column":7}},"123":{"start":{"line":432,"column":6},"end":{"line":451,"column":7}},"124":{"start":{"line":438,"column":8},"end":{"line":443,"column":10}},"125":{"start":{"line":445,"column":8},"end":{"line":450,"column":10}},"126":{"start":{"line":453,"column":17},"end":{"line":453,"column":36}},"127":{"start":{"line":454,"column":20},"end":{"line":454,"column":42}},"128":{"start":{"line":455,"column":6},"end":{"line":455,"column":31}},"129":{"start":{"line":460,"column":4},"end":{"line":492,"column":5}},"130":{"start":{"line":461,"column":26},"end":{"line":461,"column":58}},"131":{"start":{"line":462,"column":27},"end":{"line":465,"column":8}},"132":{"start":{"line":466,"column":6},"end":{"line":485,"column":7}},"133":{"start":{"line":472,"column":8},"end":{"line":477,"column":10}},"134":{"start":{"line":479,"column":8},"end":{"line":484,"column":10}},"135":{"start":{"line":487,"column":6},"end":{"line":491,"column":8}}},"fnMap":{"0":{"name":"(anonymous_0)","decl":{"start":{"line":10,"column":10},"end":{"line":10,"column":11}},"loc":{"start":{"line":10,"column":52},"end":{"line":42,"column":3}},"line":10},"1":{"name":"(anonymous_1)","decl":{"start":{"line":44,"column":10},"end":{"line":44,"column":11}},"loc":{"start":{"line":44,"column":52},"end":{"line":76,"column":3}},"line":44},"2":{"name":"(anonymous_2)","decl":{"start":{"line":78,"column":9},"end":{"line":78,"column":10}},"loc":{"start":{"line":78,"column":51},"end":{"line":110,"column":3}},"line":78},"3":{"name":"(anonymous_3)","decl":{"start":{"line":112,"column":10},"end":{"line":112,"column":11}},"loc":{"start":{"line":112,"column":48},"end":{"line":183,"column":3}},"line":112},"4":{"name":"(anonymous_4)","decl":{"start":{"line":120,"column":28},"end":{"line":120,"column":29}},"loc":{"start":{"line":120,"column":41},"end":{"line":136,"column":7}},"line":120},"5":{"name":"(anonymous_5)","decl":{"start":{"line":185,"column":16},"end":{"line":185,"column":17}},"loc":{"start":{"line":185,"column":58},"end":{"line":218,"column":3}},"line":185},"6":{"name":"(anonymous_6)","decl":{"start":{"line":220,"column":18},"end":{"line":220,"column":19}},"loc":{"start":{"line":220,"column":60},"end":{"line":252,"column":3}},"line":220},"7":{"name":"(anonymous_7)","decl":{"start":{"line":254,"column":21},"end":{"line":254,"column":22}},"loc":{"start":{"line":254,"column":63},"end":{"line":320,"column":3}},"line":254},"8":{"name":"(anonymous_8)","decl":{"start":{"line":262,"column":28},"end":{"line":262,"column":29}},"loc":{"start":{"line":262,"column":41},"end":{"line":278,"column":7}},"line":262},"9":{"name":"(anonymous_9)","decl":{"start":{"line":322,"column":19},"end":{"line":322,"column":20}},"loc":{"start":{"line":322,"column":61},"end":{"line":382,"column":3}},"line":322},"10":{"name":"(anonymous_10)","decl":{"start":{"line":384,"column":24},"end":{"line":384,"column":25}},"loc":{"start":{"line":384,"column":56},"end":{"line":419,"column":3}},"line":384},"11":{"name":"(anonymous_11)","decl":{"start":{"line":421,"column":13},"end":{"line":421,"column":14}},"loc":{"start":{"line":421,"column":45},"end":{"line":457,"column":3}},"line":421},"12":{"name":"(anonymous_12)","decl":{"start":{"line":459,"column":22},"end":{"line":459,"column":23}},"loc":{"start":{"line":459,"column":54},"end":{"line":493,"column":3}},"line":459}},"branchMap":{"0":{"loc":{"start":{"line":17,"column":6},"end":{"line":36,"column":7}},"type":"if","locations":[{"start":{"line":17,"column":6},"end":{"line":36,"column":7}},{"start":{"line":17,"column":6},"end":{"line":36,"column":7}}],"line":17},"1":{"loc":{"start":{"line":18,"column":8},"end":{"line":21,"column":45}},"type":"binary-expr","locations":[{"start":{"line":18,"column":8},"end":{"line":18,"column":19}},{"start":{"line":19,"column":8},"end":{"line":19,"column":33}},{"start":{"line":20,"column":8},"end":{"line":20,"column":28}},{"start":{"line":21,"column":8},"end":{"line":21,"column":45}}],"line":18},"2":{"loc":{"start":{"line":51,"column":6},"end":{"line":70,"column":7}},"type":"if","locations":[{"start":{"line":51,"column":6},"end":{"line":70,"column":7}},{"start":{"line":51,"column":6},"end":{"line":70,"column":7}}],"line":51},"3":{"loc":{"start":{"line":52,"column":8},"end":{"line":55,"column":45}},"type":"binary-expr","locations":[{"start":{"line":52,"column":8},"end":{"line":52,"column":19}},{"start":{"line":53,"column":8},"end":{"line":53,"column":33}},{"start":{"line":54,"column":8},"end":{"line":54,"column":28}},{"start":{"line":55,"column":8},"end":{"line":55,"column":45}}],"line":52},"4":{"loc":{"start":{"line":85,"column":6},"end":{"line":104,"column":7}},"type":"if","locations":[{"start":{"line":85,"column":6},"end":{"line":104,"column":7}},{"start":{"line":85,"column":6},"end":{"line":104,"column":7}}],"line":85},"5":{"loc":{"start":{"line":86,"column":8},"end":{"line":89,"column":44}},"type":"binary-expr","locations":[{"start":{"line":86,"column":8},"end":{"line":86,"column":18}},{"start":{"line":87,"column":8},"end":{"line":87,"column":32}},{"start":{"line":88,"column":8},"end":{"line":88,"column":27}},{"start":{"line":89,"column":8},"end":{"line":89,"column":44}}],"line":86},"6":{"loc":{"start":{"line":121,"column":8},"end":{"line":123,"column":9}},"type":"if","locations":[{"start":{"line":121,"column":8},"end":{"line":123,"column":9}},{"start":{"line":121,"column":8},"end":{"line":123,"column":9}}],"line":121},"7":{"loc":{"start":{"line":124,"column":8},"end":{"line":126,"column":9}},"type":"if","locations":[{"start":{"line":124,"column":8},"end":{"line":126,"column":9}},{"start":{"line":124,"column":8},"end":{"line":126,"column":9}}],"line":124},"8":{"loc":{"start":{"line":127,"column":8},"end":{"line":129,"column":9}},"type":"if","locations":[{"start":{"line":127,"column":8},"end":{"line":129,"column":9}},{"start":{"line":127,"column":8},"end":{"line":129,"column":9}}],"line":127},"9":{"loc":{"start":{"line":130,"column":8},"end":{"line":132,"column":9}},"type":"if","locations":[{"start":{"line":130,"column":8},"end":{"line":132,"column":9}},{"start":{"line":130,"column":8},"end":{"line":132,"column":9}}],"line":130},"10":{"loc":{"start":{"line":133,"column":8},"end":{"line":135,"column":9}},"type":"if","locations":[{"start":{"line":133,"column":8},"end":{"line":135,"column":9}},{"start":{"line":133,"column":8},"end":{"line":135,"column":9}}],"line":133},"11":{"loc":{"start":{"line":158,"column":6},"end":{"line":177,"column":7}},"type":"if","locations":[{"start":{"line":158,"column":6},"end":{"line":177,"column":7}},{"start":{"line":158,"column":6},"end":{"line":177,"column":7}}],"line":158},"12":{"loc":{"start":{"line":159,"column":8},"end":{"line":162,"column":46}},"type":"binary-expr","locations":[{"start":{"line":159,"column":8},"end":{"line":159,"column":20}},{"start":{"line":160,"column":8},"end":{"line":160,"column":34}},{"start":{"line":161,"column":8},"end":{"line":161,"column":29}},{"start":{"line":162,"column":8},"end":{"line":162,"column":46}}],"line":159},"13":{"loc":{"start":{"line":193,"column":6},"end":{"line":212,"column":7}},"type":"if","locations":[{"start":{"line":193,"column":6},"end":{"line":212,"column":7}},{"start":{"line":193,"column":6},"end":{"line":212,"column":7}}],"line":193},"14":{"loc":{"start":{"line":194,"column":8},"end":{"line":197,"column":51}},"type":"binary-expr","locations":[{"start":{"line":194,"column":8},"end":{"line":194,"column":25}},{"start":{"line":195,"column":8},"end":{"line":195,"column":39}},{"start":{"line":196,"column":8},"end":{"line":196,"column":34}},{"start":{"line":197,"column":8},"end":{"line":197,"column":51}}],"line":194},"15":{"loc":{"start":{"line":227,"column":6},"end":{"line":246,"column":7}},"type":"if","locations":[{"start":{"line":227,"column":6},"end":{"line":246,"column":7}},{"start":{"line":227,"column":6},"end":{"line":246,"column":7}}],"line":227},"16":{"loc":{"start":{"line":228,"column":8},"end":{"line":231,"column":53}},"type":"binary-expr","locations":[{"start":{"line":228,"column":8},"end":{"line":228,"column":27}},{"start":{"line":229,"column":8},"end":{"line":229,"column":41}},{"start":{"line":230,"column":8},"end":{"line":230,"column":36}},{"start":{"line":231,"column":8},"end":{"line":231,"column":53}}],"line":228},"17":{"loc":{"start":{"line":263,"column":8},"end":{"line":265,"column":9}},"type":"if","locations":[{"start":{"line":263,"column":8},"end":{"line":265,"column":9}},{"start":{"line":263,"column":8},"end":{"line":265,"column":9}}],"line":263},"18":{"loc":{"start":{"line":266,"column":8},"end":{"line":268,"column":9}},"type":"if","locations":[{"start":{"line":266,"column":8},"end":{"line":268,"column":9}},{"start":{"line":266,"column":8},"end":{"line":268,"column":9}}],"line":266},"19":{"loc":{"start":{"line":269,"column":8},"end":{"line":271,"column":9}},"type":"if","locations":[{"start":{"line":269,"column":8},"end":{"line":271,"column":9}},{"start":{"line":269,"column":8},"end":{"line":271,"column":9}}],"line":269},"20":{"loc":{"start":{"line":272,"column":8},"end":{"line":274,"column":9}},"type":"if","locations":[{"start":{"line":272,"column":8},"end":{"line":274,"column":9}},{"start":{"line":272,"column":8},"end":{"line":274,"column":9}}],"line":272},"21":{"loc":{"start":{"line":275,"column":8},"end":{"line":277,"column":9}},"type":"if","locations":[{"start":{"line":275,"column":8},"end":{"line":277,"column":9}},{"start":{"line":275,"column":8},"end":{"line":277,"column":9}}],"line":275},"22":{"loc":{"start":{"line":295,"column":6},"end":{"line":314,"column":7}},"type":"if","locations":[{"start":{"line":295,"column":6},"end":{"line":314,"column":7}},{"start":{"line":295,"column":6},"end":{"line":314,"column":7}}],"line":295},"23":{"loc":{"start":{"line":296,"column":8},"end":{"line":299,"column":56}},"type":"binary-expr","locations":[{"start":{"line":296,"column":8},"end":{"line":296,"column":30}},{"start":{"line":297,"column":8},"end":{"line":297,"column":44}},{"start":{"line":298,"column":8},"end":{"line":298,"column":39}},{"start":{"line":299,"column":8},"end":{"line":299,"column":56}}],"line":296},"24":{"loc":{"start":{"line":324,"column":6},"end":{"line":376,"column":7}},"type":"if","locations":[{"start":{"line":324,"column":6},"end":{"line":376,"column":7}},{"start":{"line":324,"column":6},"end":{"line":376,"column":7}}],"line":324},"25":{"loc":{"start":{"line":330,"column":8},"end":{"line":349,"column":9}},"type":"if","locations":[{"start":{"line":330,"column":8},"end":{"line":349,"column":9}},{"start":{"line":330,"column":8},"end":{"line":349,"column":9}}],"line":330},"26":{"loc":{"start":{"line":331,"column":10},"end":{"line":334,"column":47}},"type":"binary-expr","locations":[{"start":{"line":331,"column":10},"end":{"line":331,"column":21}},{"start":{"line":332,"column":10},"end":{"line":332,"column":30}},{"start":{"line":333,"column":10},"end":{"line":333,"column":35}},{"start":{"line":334,"column":10},"end":{"line":334,"column":47}}],"line":331},"27":{"loc":{"start":{"line":356,"column":8},"end":{"line":375,"column":9}},"type":"if","locations":[{"start":{"line":356,"column":8},"end":{"line":375,"column":9}},{"start":{"line":356,"column":8},"end":{"line":375,"column":9}}],"line":356},"28":{"loc":{"start":{"line":357,"column":10},"end":{"line":360,"column":48}},"type":"binary-expr","locations":[{"start":{"line":357,"column":10},"end":{"line":357,"column":22}},{"start":{"line":358,"column":10},"end":{"line":358,"column":31}},{"start":{"line":359,"column":10},"end":{"line":359,"column":36}},{"start":{"line":360,"column":10},"end":{"line":360,"column":48}}],"line":357},"29":{"loc":{"start":{"line":394,"column":6},"end":{"line":413,"column":7}},"type":"if","locations":[{"start":{"line":394,"column":6},"end":{"line":413,"column":7}},{"start":{"line":394,"column":6},"end":{"line":413,"column":7}}],"line":394},"30":{"loc":{"start":{"line":395,"column":8},"end":{"line":398,"column":59}},"type":"binary-expr","locations":[{"start":{"line":395,"column":8},"end":{"line":395,"column":33}},{"start":{"line":396,"column":8},"end":{"line":396,"column":42}},{"start":{"line":397,"column":8},"end":{"line":397,"column":47}},{"start":{"line":398,"column":8},"end":{"line":398,"column":59}}],"line":395},"31":{"loc":{"start":{"line":432,"column":6},"end":{"line":451,"column":7}},"type":"if","locations":[{"start":{"line":432,"column":6},"end":{"line":451,"column":7}},{"start":{"line":432,"column":6},"end":{"line":451,"column":7}}],"line":432},"32":{"loc":{"start":{"line":433,"column":8},"end":{"line":436,"column":48}},"type":"binary-expr","locations":[{"start":{"line":433,"column":8},"end":{"line":433,"column":27}},{"start":{"line":434,"column":8},"end":{"line":434,"column":36}},{"start":{"line":435,"column":8},"end":{"line":435,"column":41}},{"start":{"line":436,"column":8},"end":{"line":436,"column":48}}],"line":433},"33":{"loc":{"start":{"line":466,"column":6},"end":{"line":485,"column":7}},"type":"if","locations":[{"start":{"line":466,"column":6},"end":{"line":485,"column":7}},{"start":{"line":466,"column":6},"end":{"line":485,"column":7}}],"line":466},"34":{"loc":{"start":{"line":467,"column":8},"end":{"line":470,"column":51}},"type":"binary-expr","locations":[{"start":{"line":467,"column":8},"end":{"line":467,"column":25}},{"start":{"line":468,"column":8},"end":{"line":468,"column":34}},{"start":{"line":469,"column":8},"end":{"line":469,"column":39}},{"start":{"line":470,"column":8},"end":{"line":470,"column":51}}],"line":467}},"s":{"0":1,"1":1,"2":1,"3":1,"4":1,"5":0,"6":0,"7":0,"8":0,"9":0,"10":0,"11":0,"12":0,"13":0,"14":0,"15":0,"16":0,"17":0,"18":0,"19":0,"20":0,"21":0,"22":0,"23":0,"24":0,"25":0,"26":0,"27":0,"28":0,"29":0,"30":0,"31":0,"32":0,"33":0,"34":0,"35":0,"36":0,"37":0,"38":0,"39":0,"40":0,"41":0,"42":0,"43":0,"44":0,"45":0,"46":0,"47":0,"48":0,"49":0,"50":0,"51":0,"52":0,"53":0,"54":0,"55":0,"56":0,"57":0,"58":0,"59":0,"60":0,"61":0,"62":0,"63":0,"64":0,"65":0,"66":0,"67":0,"68":0,"69":0,"70":0,"71":0,"72":0,"73":0,"74":0,"75":0,"76":0,"77":0,"78":0,"79":0,"80":0,"81":0,"82":0,"83":0,"84":0,"85":0,"86":0,"87":0,"88":0,"89":0,"90":0,"91":0,"92":0,"93":0,"94":0,"95":0,"96":0,"97":0,"98":0,"99":0,"100":0,"101":0,"102":0,"103":0,"104":0,"105":0,"106":0,"107":0,"108":0,"109":0,"110":0,"111":0,"112":0,"113":0,"114":0,"115":0,"116":0,"117":0,"118":0,"119":0,"120":0,"121":0,"122":0,"123":0,"124":0,"125":0,"126":0,"127":0,"128":0,"129":0,"130":0,"131":0,"132":0,"133":0,"134":0,"135":0},"f":{"0":0,"1":0,"2":0,"3":0,"4":0,"5":0,"6":0,"7":0,"8":0,"9":0,"10":0,"11":0,"12":0},"b":{"0":[0,0],"1":[0,0,0,0],"2":[0,0],"3":[0,0,0,0],"4":[0,0],"5":[0,0,0,0],"6":[0,0],"7":[0,0],"8":[0,0],"9":[0,0],"10":[0,0],"11":[0,0],"12":[0,0,0,0],"13":[0,0],"14":[0,0,0,0],"15":[0,0],"16":[0,0,0,0],"17":[0,0],"18":[0,0],"19":[0,0],"20":[0,0],"21":[0,0],"22":[0,0],"23":[0,0,0,0],"24":[0,0],"25":[0,0],"26":[0,0,0,0],"27":[0,0],"28":[0,0,0,0],"29":[0,0],"30":[0,0,0,0],"31":[0,0],"32":[0,0,0,0],"33":[0,0],"34":[0,0,0,0]},"_coverageSchema":"1a1c01bbd47fc00a2c39e90264f33305004495a9","hash":"564ec8751f00579b8cfd5e63ebcbe38d3ddf8c34","contentHash":"cfbe56259f660abbe7f110bc1cdd5dc504538f2fc8980cb4f3bf4ee4817b7c41"}}